#
# A fatal error has been detected by the Java Runtime Environment:
#
#  SIGSEGV (0xb) at pc=0x00007fff2031f9bf, pid=64452, tid=0x0000000000000e03
#
# JRE version: Java(TM) SE Runtime Environment (8.0_281-b09) (build 1.8.0_281-b09)
# Java VM: Java HotSpot(TM) 64-Bit Server VM (25.281-b09 mixed mode bsd-amd64 compressed oops)
# Problematic frame:
# C  [libobjc.A.dylib+0x79bf]  objc_release+0x1f
#
# Failed to write core dump. Core dumps have been disabled. To enable core dumping, try "ulimit -c unlimited" before starting Java again
#
# If you would like to submit a bug report, please visit:
#   http://bugreport.java.com/bugreport/crash.jsp
# The crash happened outside the Java Virtual Machine in native code.
# See problematic frame for where to report the bug.
#

---------------  T H R E A D  ---------------

Current thread (0x00007fde67009000):  JavaThread "Client thread" [_thread_in_native, id=3587, stack(0x0000700005a80000,0x0000700005b80000)]

siginfo: si_signo: 11 (SIGSEGV), si_code: 1 (SEGV_MAPERR), si_addr: 0x0000000000000020

Registers:
RAX=0xf000000000000000, RBX=0x0000000000000001, RCX=0x0000000000000000, RDX=0x0000000000000007
RSP=0x0000700005b7e2d8, RBP=0x0000700005b7e310, RSI=0x00007fde62dfee90, RDI=0x00007fde65435680
R8 =0x00000000000130a8, R9 =0x00007fddf433cec8, R10=0x00007fddf4a047c0, R11=0x00007fff22d64617
R12=0x00007fde65435680, R13=0xa3a3a3a3a3a3a3a3, R14=0x00007fde63815078, R15=0x00007fde63815000
RIP=0x00007fff2031f9bf, EFLAGS=0x0000000000010246, ERR=0x0000000000000004
  TRAPNO=0x000000000000000e

Top of Stack: (sp=0x0000700005b7e2d8)
0x0000700005b7e2d8:   00007fff2033d39d 0000000000000000
0x0000700005b7e2e8:   00007fde63815000 0000000000000000
0x0000700005b7e2f8:   00000001411a2378 00007fff7c3fae8f
0x0000700005b7e308:   00007fde67009000 0000700005b7e330
0x0000700005b7e318:   00007fff2032033e 0000000000000000
0x0000700005b7e328:   00007fde63815078 0000700005b7e350
0x0000700005b7e338:   00007fff2053a1f0 0000000000000000
0x0000700005b7e348:   00007fde6528ece0 0000700005b7e390
0x0000700005b7e358:   00007fff212c3dfd 0000700005b7e390
0x0000700005b7e368:   00000001407e6e0f 00000001411a2380
0x0000700005b7e378:   d5b8303a79a00039 00000001411a2380
0x0000700005b7e388:   0000700005b7e418 0000700005b7e3f0
0x0000700005b7e398:   000000011e33d6c7 0000000727106a20
0x0000700005b7e3a8:   000000011e33d3e2 0000700005b7e3b0
0x0000700005b7e3b8:   00000001411a2378 0000700005b7e418
0x0000700005b7e3c8:   00000001411a28e0 0000000000000000
0x0000700005b7e3d8:   00000001411a2380 0000000000000000
0x0000700005b7e3e8:   0000700005b7e410 0000700005b7e460
0x0000700005b7e3f8:   000000011e32d2bd 00000007271ffed8
0x0000700005b7e408:   000000011e336d18 00000007272155c8
0x0000700005b7e418:   0000000727106a20 0000700005b7e420
0x0000700005b7e428:   00000001411a227f 0000700005b7e490
0x0000700005b7e438:   00000001411a28e0 0000000000000000
0x0000700005b7e448:   00000001411a22f0 0000700005b7e410
0x0000700005b7e458:   0000700005b7e480 0000700005b7e4e8
0x0000700005b7e468:   000000011e32d302 0000000000000000
0x0000700005b7e478:   0000000727106a20 00000007272155c8
0x0000700005b7e488:   0000000727106968 00000007271fff68
0x0000700005b7e498:   000000011e338ca7 00000007271fff78
0x0000700005b7e4a8:   0000700005b7e498 000000014119fc6e
0x0000700005b7e4b8:   0000700005b7e4f8 00000001411a0b08
0x0000700005b7e4c8:   0000000000000000 000000014119fca0 

Instructions: (pc=0x00007fff2031f9bf)
0x00007fff2031f99f:   90 48 85 ff 74 76 89 f8 83 e0 01 48 85 c0 75 6c
0x00007fff2031f9af:   48 8b 07 48 b9 f8 ff ff ff ff 7f 00 00 48 21 c1
0x00007fff2031f9bf:   48 8b 51 20 f6 c2 04 74 54 a8 01 74 6f 48 b9 00
0x00007fff2031f9cf:   00 00 00 00 00 80 00 48 ba 00 00 00 00 00 00 00 

Register to memory mapping:

RAX=0xf000000000000000 is an unknown value
RBX=0x0000000000000001 is an unknown value
RCX=0x0000000000000000 is an unknown value
RDX=0x0000000000000007 is an unknown value
RSP=0x0000700005b7e2d8 is pointing into the stack for thread: 0x00007fde67009000
RBP=0x0000700005b7e310 is pointing into the stack for thread: 0x00007fde67009000
RSI=0x00007fde62dfee90 is an unknown value
RDI=0x00007fde65435680 is an unknown value
R8 =0x00000000000130a8 is an unknown value
R9 =0x00007fddf433cec8 is an unknown value
R10=0x00007fddf4a047c0 is an unknown value
R11=0x00007fff22d64617: -[NSResponder release]+0 in /System/Library/Frameworks/AppKit.framework/Versions/C/AppKit at 0x00007fff22d59000
R12=0x00007fde65435680 is an unknown value
R13=0xa3a3a3a3a3a3a3a3 is an unknown value
R14=0x00007fde63815078 is an unknown value
R15=0x00007fde63815000 is an unknown value


Stack: [0x0000700005a80000,0x0000700005b80000],  sp=0x0000700005b7e2d8,  free space=1016k
Native frames: (J=compiled Java code, j=interpreted, Vv=VM code, C=native code)
C  [libobjc.A.dylib+0x79bf]  objc_release+0x1f
C  [libobjc.A.dylib+0x833e]  objc_autoreleasePoolPop+0xa1
C  [CoreFoundation+0x421f0]  _CFAutoreleasePoolPop+0x16
C  [Foundation+0x1edfd]  -[NSAutoreleasePool release]+0x81
j  org.lwjgl.opengl.MacOSXContextImplementation.setView(Ljava/nio/ByteBuffer;Ljava/nio/ByteBuffer;)V+0
j  org.lwjgl.opengl.MacOSXContextImplementation.makeCurrent(Lorg/lwjgl/opengl/PeerInfo;Ljava/nio/ByteBuffer;)V+7
j  org.lwjgl.opengl.ContextGL.makeCurrent()V+46
j  org.lwjgl.opengl.DrawableGL.makeCurrent()V+14
j  org.lwjgl.opengl.Display.makeCurrent()V+3
j  org.lwjgl.opengl.Display.makeCurrentAndSetSwapInterval()V+0
j  org.lwjgl.opengl.Display.create(Lorg/lwjgl/opengl/PixelFormat;Lorg/lwjgl/opengl/Drawable;Lorg/lwjgl/opengl/ContextAttribs;)V+108
j  org.lwjgl.opengl.Display.create(Lorg/lwjgl/opengl/PixelFormat;)V+12
j  net.minecraft.client.Minecraft.createDisplay()V+22
j  net.minecraft.client.Minecraft.init()V+115
j  net.minecraft.client.Minecraft.run()V+6
j  net.minecraft.client.main.Main.main([Ljava/lang/String;)V+1094
v  ~StubRoutines::call_stub
V  [libjvm.dylib+0x2d5599]  JavaCalls::call_helper(JavaValue*, methodHandle*, JavaCallArguments*, Thread*)+0x771
V  [libjvm.dylib+0x4db2ab]  Reflection::invoke(instanceKlassHandle, methodHandle, Handle, bool, objArrayHandle, BasicType, objArrayHandle, bool, Thread*)+0x75b
V  [libjvm.dylib+0x4dbf7a]  Reflection::invoke_method(oopDesc*, Handle, objArrayHandle, Thread*)+0x186
V  [libjvm.dylib+0x3471e9]  JVM_InvokeMethod+0x211
j  sun.reflect.NativeMethodAccessorImpl.invoke0(Ljava/lang/reflect/Method;Ljava/lang/Object;[Ljava/lang/Object;)Ljava/lang/Object;+0
J 2155 C1 sun.reflect.NativeMethodAccessorImpl.invoke(Ljava/lang/Object;[Ljava/lang/Object;)Ljava/lang/Object; (104 bytes) @ 0x000000011ea5e39c [0x000000011ea5d1c0+0x11dc]
J 2194 C1 sun.reflect.DelegatingMethodAccessorImpl.invoke(Ljava/lang/Object;[Ljava/lang/Object;)Ljava/lang/Object; (10 bytes) @ 0x000000011ea6b38c [0x000000011ea6b280+0x10c]
J 2193 C1 java.lang.reflect.Method.invoke(Ljava/lang/Object;[Ljava/lang/Object;)Ljava/lang/Object; (62 bytes) @ 0x000000011ea6bb5c [0x000000011ea6b760+0x3fc]
j  net.minecraft.launchwrapper.Launch.launch([Ljava/lang/String;)V+661
j  net.minecraft.launchwrapper.Launch.main([Ljava/lang/String;)V+8
v  ~StubRoutines::call_stub
V  [libjvm.dylib+0x2d5599]  JavaCalls::call_helper(JavaValue*, methodHandle*, JavaCallArguments*, Thread*)+0x771
V  [libjvm.dylib+0x4db2ab]  Reflection::invoke(instanceKlassHandle, methodHandle, Handle, bool, objArrayHandle, BasicType, objArrayHandle, bool, Thread*)+0x75b
V  [libjvm.dylib+0x4dbf7a]  Reflection::invoke_method(oopDesc*, Handle, objArrayHandle, Thread*)+0x186
V  [libjvm.dylib+0x3471e9]  JVM_InvokeMethod+0x211
j  sun.reflect.NativeMethodAccessorImpl.invoke0(Ljava/lang/reflect/Method;Ljava/lang/Object;[Ljava/lang/Object;)Ljava/lang/Object;+0
j  sun.reflect.NativeMethodAccessorImpl.invoke(Ljava/lang/Object;[Ljava/lang/Object;)Ljava/lang/Object;+100
j  sun.reflect.DelegatingMethodAccessorImpl.invoke(Ljava/lang/Object;[Ljava/lang/Object;)Ljava/lang/Object;+6
j  java.lang.reflect.Method.invoke(Ljava/lang/Object;[Ljava/lang/Object;)Ljava/lang/Object;+56
j  net.minecraftforge.gradle.GradleStartCommon.launch([Ljava/lang/String;)V+169
j  GradleStart.main([Ljava/lang/String;)V+11
v  ~StubRoutines::call_stub
V  [libjvm.dylib+0x2d5599]  JavaCalls::call_helper(JavaValue*, methodHandle*, JavaCallArguments*, Thread*)+0x771
V  [libjvm.dylib+0x30662f]  jni_invoke_static(JNIEnv_*, JavaValue*, _jobject*, JNICallType, _jmethodID*, JNI_ArgumentPusher*, Thread*)+0x279
V  [libjvm.dylib+0x309cdf]  jni_CallStaticVoidMethod+0x1f6
C  [java+0x316c]  JavaMain+0x9dc
C  [libsystem_pthread.dylib+0x6950]  _pthread_start+0xe0
C  [libsystem_pthread.dylib+0x247b]  thread_start+0xf
C  0x0000000000000000

Java frames: (J=compiled Java code, j=interpreted, Vv=VM code)
j  org.lwjgl.opengl.MacOSXContextImplementation.setView(Ljava/nio/ByteBuffer;Ljava/nio/ByteBuffer;)V+0
j  org.lwjgl.opengl.MacOSXContextImplementation.makeCurrent(Lorg/lwjgl/opengl/PeerInfo;Ljava/nio/ByteBuffer;)V+7
j  org.lwjgl.opengl.ContextGL.makeCurrent()V+46
j  org.lwjgl.opengl.DrawableGL.makeCurrent()V+14
j  org.lwjgl.opengl.Display.makeCurrent()V+3
j  org.lwjgl.opengl.Display.makeCurrentAndSetSwapInterval()V+0
j  org.lwjgl.opengl.Display.create(Lorg/lwjgl/opengl/PixelFormat;Lorg/lwjgl/opengl/Drawable;Lorg/lwjgl/opengl/ContextAttribs;)V+108
j  org.lwjgl.opengl.Display.create(Lorg/lwjgl/opengl/PixelFormat;)V+12
j  net.minecraft.client.Minecraft.createDisplay()V+22
j  net.minecraft.client.Minecraft.init()V+115
j  net.minecraft.client.Minecraft.run()V+6
j  net.minecraft.client.main.Main.main([Ljava/lang/String;)V+1094
v  ~StubRoutines::call_stub
j  sun.reflect.NativeMethodAccessorImpl.invoke0(Ljava/lang/reflect/Method;Ljava/lang/Object;[Ljava/lang/Object;)Ljava/lang/Object;+0
J 2155 C1 sun.reflect.NativeMethodAccessorImpl.invoke(Ljava/lang/Object;[Ljava/lang/Object;)Ljava/lang/Object; (104 bytes) @ 0x000000011ea5e39c [0x000000011ea5d1c0+0x11dc]
J 2194 C1 sun.reflect.DelegatingMethodAccessorImpl.invoke(Ljava/lang/Object;[Ljava/lang/Object;)Ljava/lang/Object; (10 bytes) @ 0x000000011ea6b38c [0x000000011ea6b280+0x10c]
J 2193 C1 java.lang.reflect.Method.invoke(Ljava/lang/Object;[Ljava/lang/Object;)Ljava/lang/Object; (62 bytes) @ 0x000000011ea6bb5c [0x000000011ea6b760+0x3fc]
j  net.minecraft.launchwrapper.Launch.launch([Ljava/lang/String;)V+661
j  net.minecraft.launchwrapper.Launch.main([Ljava/lang/String;)V+8
v  ~StubRoutines::call_stub
j  sun.reflect.NativeMethodAccessorImpl.invoke0(Ljava/lang/reflect/Method;Ljava/lang/Object;[Ljava/lang/Object;)Ljava/lang/Object;+0
j  sun.reflect.NativeMethodAccessorImpl.invoke(Ljava/lang/Object;[Ljava/lang/Object;)Ljava/lang/Object;+100
j  sun.reflect.DelegatingMethodAccessorImpl.invoke(Ljava/lang/Object;[Ljava/lang/Object;)Ljava/lang/Object;+6
j  java.lang.reflect.Method.invoke(Ljava/lang/Object;[Ljava/lang/Object;)Ljava/lang/Object;+56
j  net.minecraftforge.gradle.GradleStartCommon.launch([Ljava/lang/String;)V+169
j  GradleStart.main([Ljava/lang/String;)V+11
v  ~StubRoutines::call_stub

---------------  P R O C E S S  ---------------

Java Threads: ( => current thread )
  0x00007fde676f2000 JavaThread "Timer hack thread" daemon [_thread_blocked, id=43127, stack(0x00007000070c5000,0x00007000071c5000)]
  0x00007fde67297800 JavaThread "Snooper Timer" daemon [_thread_blocked, id=52491, stack(0x000070000768b000,0x000070000778b000)]
  0x00007fde65df7000 JavaThread "AWT-Shutdown" [_thread_blocked, id=38171, stack(0x00007000071f3000,0x00007000072f3000)]
  0x00007fde43097800 JavaThread "AppKit Thread" daemon [_thread_in_native, id=775, stack(0x00007ffee0ce7000,0x00007ffee14e7000)]
  0x00007fde63a45800 JavaThread "process reaper" daemon [_thread_blocked, id=23299, stack(0x00007000071c8000,0x00007000071f0000)]
  0x00007fde66025000 JavaThread "Service Thread" daemon [_thread_blocked, id=22275, stack(0x0000700006ebf000,0x0000700006fbf000)]
  0x00007fde6781a000 JavaThread "C1 CompilerThread3" daemon [_thread_blocked, id=22019, stack(0x0000700006dbc000,0x0000700006ebc000)]
  0x00007fde67808800 JavaThread "C2 CompilerThread2" daemon [_thread_blocked, id=15107, stack(0x0000700006cb9000,0x0000700006db9000)]
  0x00007fde66011000 JavaThread "C2 CompilerThread1" daemon [_thread_blocked, id=15619, stack(0x0000700006bb6000,0x0000700006cb6000)]
  0x00007fde6582b000 JavaThread "C2 CompilerThread0" daemon [_thread_blocked, id=16131, stack(0x0000700006ab3000,0x0000700006bb3000)]
  0x00007fde6582a800 JavaThread "Signal Dispatcher" daemon [_thread_blocked, id=14595, stack(0x00007000069b0000,0x0000700006ab0000)]
  0x00007fde65813000 JavaThread "Finalizer" daemon [_thread_blocked, id=18691, stack(0x00007000067a7000,0x00007000068a7000)]
  0x00007fde6680a800 JavaThread "Reference Handler" daemon [_thread_blocked, id=18947, stack(0x00007000066a4000,0x00007000067a4000)]
=>0x00007fde67009000 JavaThread "Client thread" [_thread_in_native, id=3587, stack(0x0000700005a80000,0x0000700005b80000)]

Other Threads:
  0x00007fde63814000 VMThread [stack: 0x00007000065a1000,0x00007000066a1000] [id=11779]
  0x00007fde6586e800 WatcherThread [stack: 0x0000700006fc2000,0x00007000070c2000] [id=22787]

VM state:not at safepoint (normal execution)

VM Mutex/Monitor currently owned by a thread: None

heap address: 0x00000005c0000000, size: 8192 MB, Compressed Oops mode: Zero based, Oop shift amount: 3
Narrow klass base: 0x0000000000000000, Narrow klass shift: 3
Compressed class space size: 1073741824 Address: 0x00000007c0000000

Heap:
 PSYoungGen      total 547840K, used 303292K [0x0000000715580000, 0x0000000757c80000, 0x00000007c0000000)
  eden space 487424K, 62% used [0x0000000715580000,0x0000000727daf1c8,0x0000000733180000)
  from space 60416K, 0% used [0x0000000733180000,0x0000000733180000,0x0000000736c80000)
  to   space 56832K, 0% used [0x0000000754500000,0x0000000754500000,0x0000000757c80000)
 ParOldGen       total 293888K, used 69558K [0x00000005c0000000, 0x00000005d1f00000, 0x0000000715580000)
  object space 293888K, 23% used [0x00000005c0000000,0x00000005c43edb08,0x00000005d1f00000)
 Metaspace       used 39670K, capacity 40148K, committed 40536K, reserved 1085440K
  class space    used 5345K, capacity 5485K, committed 5504K, reserved 1048576K

Card table byte_map: [0x00000001159c3000,0x00000001169c4000] byte_map_base: 0x0000000112bc3000

Marking Bits: (ParMarkBitMap*) 0x0000000114f28488
 Begin Bits: [0x000000012d325000, 0x0000000135325000)
 End Bits:   [0x0000000135325000, 0x000000013d325000)

Polling page: 0x000000010e7a2000

CodeCache: size=245760Kb used=14002Kb max_used=14047Kb free=231757Kb
 bounds [0x000000011e325000, 0x000000011f0f5000, 0x000000012d325000]
 total_blobs=4461 nmethods=3863 adapters=510
 compilation: enabled

Compilation events (10 events):
Event: 9.270 Thread 0x00007fde6781a000 nmethod 4595 0x000000011f084e50 code [0x000000011f084fc0, 0x000000011f085170]
Event: 9.270 Thread 0x00007fde6781a000 4596       3       net.minecraft.util.IntHashMap::getSlotIndex (6 bytes)
Event: 9.270 Thread 0x00007fde6781a000 nmethod 4596 0x000000011f084b50 code [0x000000011f084ca0, 0x000000011f084dd0]
Event: 9.270 Thread 0x00007fde6781a000 4597       1       net.minecraft.client.settings.KeyBinding::getKeyModifier (5 bytes)
Event: 9.270 Thread 0x00007fde6781a000 nmethod 4597 0x000000011f084890 code [0x000000011f0849e0, 0x000000011f084af0]
Event: 9.280 Thread 0x00007fde67808800 4598       4       sun.util.calendar.ZoneInfo::getTransitionIndex (156 bytes)
Event: 9.283 Thread 0x00007fde67808800 nmethod 4598 0x000000011f07f490 code [0x000000011f07f5e0, 0x000000011f07f858]
Event: 9.380 Thread 0x00007fde6582b000 nmethod 4413 0x000000011f0dba90 code [0x000000011f0dc460, 0x000000011f0e5898]
Event: 9.383 Thread 0x00007fde6781a000 4600       3       java.lang.reflect.Field::setFieldAccessor (34 bytes)
Event: 9.383 Thread 0x00007fde6781a000 nmethod 4600 0x000000011f083390 code [0x000000011f083520, 0x000000011f0838a8]

GC Heap History (10 events):
Event: 4.330 GC heap before
{Heap before GC invocations=5 (full 1):
 PSYoungGen      total 153088K, used 153061K [0x0000000715580000, 0x0000000728080000, 0x00000007c0000000)
  eden space 131584K, 100% used [0x0000000715580000,0x000000071d600000,0x000000071d600000)
  from space 21504K, 99% used [0x000000071d600000,0x000000071eaf9788,0x000000071eb00000)
  to   space 21504K, 0% used [0x0000000726b80000,0x0000000726b80000,0x0000000728080000)
 ParOldGen       total 349696K, used 14033K [0x00000005c0000000, 0x00000005d5580000, 0x0000000715580000)
  object space 349696K, 4% used [0x00000005c0000000,0x00000005c0db47b8,0x00000005d5580000)
 Metaspace       used 24734K, capacity 25162K, committed 25600K, reserved 1071104K
  class space    used 3090K, capacity 3208K, committed 3328K, reserved 1048576K
Event: 4.353 GC heap after
Heap after GC invocations=5 (full 1):
 PSYoungGen      total 284672K, used 21498K [0x0000000715580000, 0x0000000728080000, 0x00000007c0000000)
  eden space 263168K, 0% used [0x0000000715580000,0x0000000715580000,0x0000000725680000)
  from space 21504K, 99% used [0x0000000726b80000,0x000000072807ea08,0x0000000728080000)
  to   space 21504K, 0% used [0x0000000725680000,0x0000000725680000,0x0000000726b80000)
 ParOldGen       total 349696K, used 40443K [0x00000005c0000000, 0x00000005d5580000, 0x0000000715580000)
  object space 349696K, 11% used [0x00000005c0000000,0x00000005c277ee90,0x00000005d5580000)
 Metaspace       used 24734K, capacity 25162K, committed 25600K, reserved 1071104K
  class space    used 3090K, capacity 3208K, committed 3328K, reserved 1048576K
}
Event: 6.063 GC heap before
{Heap before GC invocations=6 (full 1):
 PSYoungGen      total 284672K, used 284666K [0x0000000715580000, 0x0000000728080000, 0x00000007c0000000)
  eden space 263168K, 100% used [0x0000000715580000,0x0000000725680000,0x0000000725680000)
  from space 21504K, 99% used [0x0000000726b80000,0x000000072807ea08,0x0000000728080000)
  to   space 21504K, 0% used [0x0000000725680000,0x0000000725680000,0x0000000726b80000)
 ParOldGen       total 349696K, used 40443K [0x00000005c0000000, 0x00000005d5580000, 0x0000000715580000)
  object space 349696K, 11% used [0x00000005c0000000,0x00000005c277ee90,0x00000005d5580000)
 Metaspace       used 29569K, capacity 29984K, committed 30208K, reserved 1075200K
  class space    used 3639K, capacity 3761K, committed 3840K, reserved 1048576K
Event: 6.087 GC heap after
Heap after GC invocations=6 (full 1):
 PSYoungGen      total 284672K, used 21474K [0x0000000715580000, 0x0000000738180000, 0x00000007c0000000)
  eden space 263168K, 0% used [0x0000000715580000,0x0000000715580000,0x0000000725680000)
  from space 21504K, 99% used [0x0000000725680000,0x0000000726b78b78,0x0000000726b80000)
  to   space 21504K, 0% used [0x0000000736c80000,0x0000000736c80000,0x0000000738180000)
 ParOldGen       total 349696K, used 66545K [0x00000005c0000000, 0x00000005d5580000, 0x0000000715580000)
  object space 349696K, 19% used [0x00000005c0000000,0x00000005c40fc6c0,0x00000005d5580000)
 Metaspace       used 29569K, capacity 29984K, committed 30208K, reserved 1075200K
  class space    used 3639K, capacity 3761K, committed 3840K, reserved 1048576K
}
Event: 7.135 GC heap before
{Heap before GC invocations=7 (full 1):
 PSYoungGen      total 284672K, used 284642K [0x0000000715580000, 0x0000000738180000, 0x00000007c0000000)
  eden space 263168K, 100% used [0x0000000715580000,0x0000000725680000,0x0000000725680000)
  from space 21504K, 99% used [0x0000000725680000,0x0000000726b78b78,0x0000000726b80000)
  to   space 21504K, 0% used [0x0000000736c80000,0x0000000736c80000,0x0000000738180000)
 ParOldGen       total 349696K, used 66545K [0x00000005c0000000, 0x00000005d5580000, 0x0000000715580000)
  object space 349696K, 19% used [0x00000005c0000000,0x00000005c40fc6c0,0x00000005d5580000)
 Metaspace       used 32785K, capacity 33196K, committed 33536K, reserved 1079296K
  class space    used 4161K, capacity 4277K, committed 4352K, reserved 1048576K
Event: 7.153 GC heap after
Heap after GC invocations=7 (full 1):
 PSYoungGen      total 508928K, used 21493K [0x0000000715580000, 0x000000073cd80000, 0x00000007c0000000)
  eden space 487424K, 0% used [0x0000000715580000,0x0000000715580000,0x0000000733180000)
  from space 21504K, 99% used [0x0000000736c80000,0x000000073817d6c0,0x0000000738180000)
  to   space 60416K, 0% used [0x0000000733180000,0x0000000733180000,0x0000000736c80000)
 ParOldGen       total 349696K, used 80134K [0x00000005c0000000, 0x00000005d5580000, 0x0000000715580000)
  object space 349696K, 22% used [0x00000005c0000000,0x00000005c4e41b30,0x00000005d5580000)
 Metaspace       used 32785K, capacity 33196K, committed 33536K, reserved 1079296K
  class space    used 4161K, capacity 4277K, committed 4352K, reserved 1048576K
}
Event: 7.734 GC heap before
{Heap before GC invocations=8 (full 1):
 PSYoungGen      total 508928K, used 165552K [0x0000000715580000, 0x000000073cd80000, 0x00000007c0000000)
  eden space 487424K, 29% used [0x0000000715580000,0x000000071e22e960,0x0000000733180000)
  from space 21504K, 99% used [0x0000000736c80000,0x000000073817d6c0,0x0000000738180000)
  to   space 60416K, 0% used [0x0000000733180000,0x0000000733180000,0x0000000736c80000)
 ParOldGen       total 349696K, used 80134K [0x00000005c0000000, 0x00000005d5580000, 0x0000000715580000)
  object space 349696K, 22% used [0x00000005c0000000,0x00000005c4e41b30,0x00000005d5580000)
 Metaspace       used 34143K, capacity 34572K, committed 34776K, reserved 1079296K
  class space    used 4451K, capacity 4565K, committed 4608K, reserved 1048576K
Event: 7.758 GC heap after
Heap after GC invocations=8 (full 1):
 PSYoungGen      total 547840K, used 29147K [0x0000000715580000, 0x0000000757c80000, 0x00000007c0000000)
  eden space 487424K, 0% used [0x0000000715580000,0x0000000715580000,0x0000000733180000)
  from space 60416K, 48% used [0x0000000733180000,0x0000000734df6e40,0x0000000736c80000)
  to   space 56832K, 0% used [0x0000000754500000,0x0000000754500000,0x0000000757c80000)
 ParOldGen       total 349696K, used 80142K [0x00000005c0000000, 0x00000005d5580000, 0x0000000715580000)
  object space 349696K, 22% used [0x00000005c0000000,0x00000005c4e43b30,0x00000005d5580000)
 Metaspace       used 34143K, capacity 34572K, committed 34776K, reserved 1079296K
  class space    used 4451K, capacity 4565K, committed 4608K, reserved 1048576K
}
Event: 7.758 GC heap before
{Heap before GC invocations=9 (full 2):
 PSYoungGen      total 547840K, used 29147K [0x0000000715580000, 0x0000000757c80000, 0x00000007c0000000)
  eden space 487424K, 0% used [0x0000000715580000,0x0000000715580000,0x0000000733180000)
  from space 60416K, 48% used [0x0000000733180000,0x0000000734df6e40,0x0000000736c80000)
  to   space 56832K, 0% used [0x0000000754500000,0x0000000754500000,0x0000000757c80000)
 ParOldGen       total 349696K, used 80142K [0x00000005c0000000, 0x00000005d5580000, 0x0000000715580000)
  object space 349696K, 22% used [0x00000005c0000000,0x00000005c4e43b30,0x00000005d5580000)
 Metaspace       used 34143K, capacity 34572K, committed 34776K, reserved 1079296K
  class space    used 4451K, capacity 4565K, committed 4608K, reserved 1048576K
Event: 7.863 GC heap after
Heap after GC invocations=9 (full 2):
 PSYoungGen      total 547840K, used 0K [0x0000000715580000, 0x0000000757c80000, 0x00000007c0000000)
  eden space 487424K, 0% used [0x0000000715580000,0x0000000715580000,0x0000000733180000)
  from space 60416K, 0% used [0x0000000733180000,0x0000000733180000,0x0000000736c80000)
  to   space 56832K, 0% used [0x0000000754500000,0x0000000754500000,0x0000000757c80000)
 ParOldGen       total 293888K, used 69558K [0x00000005c0000000, 0x00000005d1f00000, 0x0000000715580000)
  object space 293888K, 23% used [0x00000005c0000000,0x00000005c43edb08,0x00000005d1f00000)
 Metaspace       used 34143K, capacity 34572K, committed 34776K, reserved 1079296K
  class space    used 4451K, capacity 4565K, committed 4608K, reserved 1048576K
}

Deoptimization events (10 events):
Event: 8.925 Thread 0x00007fde67009000 Uncommon trap: reason=bimorphic action=maybe_recompile pc=0x000000011ef13af0 method=java.util.regex.Pattern$5.isSatisfiedBy(I)Z @ 5
Event: 8.925 Thread 0x00007fde67009000 Uncommon trap: reason=bimorphic action=maybe_recompile pc=0x000000011ef13af0 method=java.util.regex.Pattern$5.isSatisfiedBy(I)Z @ 5
Event: 8.925 Thread 0x00007fde67009000 Uncommon trap: reason=bimorphic action=maybe_recompile pc=0x000000011ef13af0 method=java.util.regex.Pattern$5.isSatisfiedBy(I)Z @ 5
Event: 8.925 Thread 0x00007fde67009000 Uncommon trap: reason=bimorphic action=maybe_recompile pc=0x000000011ef10d34 method=java.util.regex.Pattern$5.isSatisfiedBy(I)Z @ 5
Event: 9.050 Thread 0x00007fde67009000 Uncommon trap: reason=bimorphic action=maybe_recompile pc=0x000000011e4f6f28 method=java.util.AbstractCollection.toArray()[Ljava/lang/Object; @ 1
Event: 9.050 Thread 0x00007fde67009000 Uncommon trap: reason=bimorphic action=maybe_recompile pc=0x000000011e4f6f28 method=java.util.AbstractCollection.toArray()[Ljava/lang/Object; @ 1
Event: 9.050 Thread 0x00007fde67009000 Uncommon trap: reason=bimorphic action=maybe_recompile pc=0x000000011e4f6f28 method=java.util.AbstractCollection.toArray()[Ljava/lang/Object; @ 1
Event: 9.050 Thread 0x00007fde67009000 Uncommon trap: reason=bimorphic action=maybe_recompile pc=0x000000011e4f6f28 method=java.util.AbstractCollection.toArray()[Ljava/lang/Object; @ 1
Event: 9.266 Thread 0x00007fde67009000 Uncommon trap: reason=unstable_if action=reinterpret pc=0x000000011ecb8684 method=com.google.common.base.Splitter$SplittingIterator.computeNext()Ljava/lang/String; @ 193
Event: 9.356 Thread 0x00007fde67009000 Uncommon trap: reason=predicate action=maybe_recompile pc=0x000000011edc21c4 method=java.lang.String.regionMatches(ZILjava/lang/String;II)Z @ 63

Classes redefined (0 events):
No events

Internal exceptions (10 events):
Event: 6.000 Thread 0x00007fde67009000 Exception <a 'java/lang/NullPointerException'> (0x0000000724a315e0) thrown at [/jenkins/workspace/8-2-build-macosx-x86_64/jdk8u281/880/hotspot/src/share/vm/runtime/sharedRuntime.cpp, line 609]
Event: 6.001 Thread 0x00007fde67009000 NullPointerException at vtable entry 0x000000011e444a68
Event: 6.001 Thread 0x00007fde67009000 Exception <a 'java/lang/NullPointerException'> (0x0000000724a3bc88) thrown at [/jenkins/workspace/8-2-build-macosx-x86_64/jdk8u281/880/hotspot/src/share/vm/runtime/sharedRuntime.cpp, line 609]
Event: 6.002 Thread 0x00007fde67009000 NullPointerException at vtable entry 0x000000011e444a68
Event: 6.002 Thread 0x00007fde67009000 Exception <a 'java/lang/NullPointerException'> (0x0000000724a45b28) thrown at [/jenkins/workspace/8-2-build-macosx-x86_64/jdk8u281/880/hotspot/src/share/vm/runtime/sharedRuntime.cpp, line 609]
Event: 6.185 Thread 0x00007fde67009000 Implicit null exception at 0x000000011e64db75 to 0x000000011e64dd89
Event: 6.185 Thread 0x00007fde67009000 Implicit null exception at 0x000000011e5652ef to 0x000000011e565359
Event: 6.450 Thread 0x00007fde67009000 Implicit null exception at 0x000000011ee96289 to 0x000000011ee9ab9d
Event: 8.707 Thread 0x00007fde67009000 Implicit null exception at 0x000000011e85292c to 0x000000011e852a8a
Event: 8.707 Thread 0x00007fde67009000 Implicit null exception at 0x000000011ec7c08c to 0x000000011ec7c0c2

Events (10 events):
Event: 9.388 loading class org/lwjgl/opengl/ContextGL
Event: 9.388 loading class org/lwjgl/opengl/ContextGL done
Event: 9.389 loading class org/lwjgl/opengl/ContextImplementation
Event: 9.389 loading class org/lwjgl/opengl/ContextImplementation done
Event: 9.390 loading class org/lwjgl/opengl/MacOSXContextImplementation
Event: 9.390 loading class org/lwjgl/opengl/MacOSXContextImplementation done
Event: 9.391 loading class org/lwjgl/opengl/GLContext
Event: 9.391 loading class org/lwjgl/opengl/GLContext done
Event: 9.392 loading class org/lwjgl/opengl/GLContext$CapabilitiesCacheEntry
Event: 9.393 loading class org/lwjgl/opengl/GLContext$CapabilitiesCacheEntry done


Dynamic libraries:
0x00007fff3510d000 	/System/Library/Frameworks/Cocoa.framework/Versions/A/Cocoa
0x00007fff22332000 	/System/Library/Frameworks/Security.framework/Versions/A/Security
0x00007fff3330a000 	/System/Library/Frameworks/ApplicationServices.framework/Versions/A/ApplicationServices
0x00007fff2a5bb000 	/usr/lib/libz.1.dylib
0x00007fff2a683000 	/usr/lib/libSystem.B.dylib
0x00007fff204f8000 	/System/Library/Frameworks/CoreFoundation.framework/Versions/A/CoreFoundation
0x00007fff212a5000 	/System/Library/Frameworks/Foundation.framework/Versions/C/Foundation
0x00007fff20318000 	/usr/lib/libobjc.A.dylib
0x00007fff22d59000 	/System/Library/Frameworks/AppKit.framework/Versions/C/AppKit
0x00007fff25bf1000 	/System/Library/Frameworks/CoreData.framework/Versions/A/CoreData
0x00007fff23abc000 	/System/Library/PrivateFrameworks/UIFoundation.framework/Versions/A/UIFoundation
0x00007fff2fce9000 	/System/Library/PrivateFrameworks/RemoteViewServices.framework/Versions/A/RemoteViewServices
0x00007fff28ae2000 	/System/Library/PrivateFrameworks/XCTTargetBootstrap.framework/Versions/A/XCTTargetBootstrap
0x00007fff2b7c3000 	/usr/lib/libspindump.dylib
0x00007fff23d11000 	/System/Library/Frameworks/UniformTypeIdentifiers.framework/Versions/A/UniformTypeIdentifiers
0x00007fff272b8000 	/usr/lib/libapp_launch_measurement.dylib
0x00007fff272bb000 	/System/Library/PrivateFrameworks/CoreAutoLayout.framework/Versions/A/CoreAutoLayout
0x00007fff28444000 	/System/Library/Frameworks/Metal.framework/Versions/A/Metal
0x00007fff29134000 	/usr/lib/liblangid.dylib
0x00007fff28ae6000 	/System/Library/PrivateFrameworks/CoreSVG.framework/Versions/A/CoreSVG
0x00007fff24cf8000 	/System/Library/PrivateFrameworks/SkyLight.framework/Versions/A/SkyLight
0x00007fff2505f000 	/System/Library/Frameworks/CoreGraphics.framework/Versions/A/CoreGraphics
0x00007fff30340000 	/System/Library/Frameworks/Accelerate.framework/Versions/A/Accelerate
0x00007fff2b1fe000 	/System/Library/PrivateFrameworks/IconServices.framework/Versions/A/IconServices
0x00007fff28429000 	/System/Library/Frameworks/IOSurface.framework/Versions/A/IOSurface
0x00007fff2657a000 	/usr/lib/libDiagnosticMessagesClient.dylib
0x00007fff28ace000 	/System/Library/PrivateFrameworks/DFRFoundation.framework/Versions/A/DFRFoundation
0x00007fff22684000 	/usr/lib/libicucore.A.dylib
0x00007fff2cd0a000 	/System/Library/Frameworks/AudioToolbox.framework/Versions/A/AudioToolbox
0x00007fff2bfaf000 	/System/Library/PrivateFrameworks/DataDetectorsCore.framework/Versions/A/DataDetectorsCore
0x00007fff287ce000 	/System/Library/Frameworks/Carbon.framework/Versions/A/Frameworks/HIToolbox.framework/Versions/A/HIToolbox
0x00007fff26d13000 	/System/Library/Frameworks/QuartzCore.framework/Versions/A/QuartzCore
0x00007fff2fd25000 	/System/Library/Frameworks/Carbon.framework/Versions/A/Frameworks/SpeechRecognition.framework/Versions/A/SpeechRecognition
0x00007fff27020000 	/System/Library/PrivateFrameworks/CoreUI.framework/Versions/A/CoreUI
0x00007fff21c8d000 	/System/Library/Frameworks/CoreAudio.framework/Versions/A/CoreAudio
0x00007fff26665000 	/System/Library/Frameworks/DiskArbitration.framework/Versions/A/DiskArbitration
0x00007fff2bbbe000 	/System/Library/PrivateFrameworks/MultitouchSupport.framework/Versions/A/MultitouchSupport
0x00007fff2bfa6000 	/System/Library/PrivateFrameworks/InternationalSupport.framework/Versions/A/InternationalSupport
0x00007fff24c6c000 	/usr/lib/libenergytrace.dylib
0x00007fff22c52000 	/System/Library/Frameworks/IOKit.framework/Versions/A/IOKit
0x00007fff30072000 	/System/Library/Frameworks/CoreServices.framework/Versions/A/CoreServices
0x00007fff2724e000 	/System/Library/PrivateFrameworks/PerformanceAnalysis.framework/Versions/A/PerformanceAnalysis
0x00007fff6c9dc000 	/System/Library/Frameworks/OpenGL.framework/Versions/A/OpenGL
0x00007fff2c02b000 	/System/Library/PrivateFrameworks/UserActivity.framework/Versions/A/UserActivity
0x00007fff256f3000 	/System/Library/Frameworks/ColorSync.framework/Versions/A/ColorSync
0x00007fff28d4b000 	/System/Library/Frameworks/CoreImage.framework/Versions/A/CoreImage
0x00007fff21aa4000 	/System/Library/Frameworks/CoreText.framework/Versions/A/CoreText
0x00007fff28b10000 	/System/Library/Frameworks/ImageIO.framework/Versions/A/ImageIO
0x00007fff2a689000 	/System/Library/PrivateFrameworks/SoftLinking.framework/Versions/A/SoftLinking
0x00007fff27304000 	/usr/lib/libxml2.2.dylib
0x00007fff203dd000 	/usr/lib/libc++.1.dylib
0x00007fff2a8fb000 	/usr/lib/libcompression.dylib
0x00007fff24c6d000 	/usr/lib/libMobileGestalt.dylib
0x00007fff2bed9000 	/System/Library/PrivateFrameworks/TextureIO.framework/Versions/A/TextureIO
0x00007fff2af21000 	/usr/lib/libate.dylib
0x00007fff2a67d000 	/usr/lib/system/libcache.dylib
0x00007fff2a639000 	/usr/lib/system/libcommonCrypto.dylib
0x00007fff2a663000 	/usr/lib/system/libcompiler_rt.dylib
0x00007fff2a658000 	/usr/lib/system/libcopyfile.dylib
0x00007fff20206000 	/usr/lib/system/libcorecrypto.dylib
0x00007fff202d3000 	/usr/lib/system/libdispatch.dylib
0x00007fff20487000 	/usr/lib/system/libdyld.dylib
0x00007fff2a674000 	/usr/lib/system/libkeymgr.dylib
0x00007fff2dabc000 	/usr/lib/system/liblaunch.dylib
0x00007fff2a617000 	/usr/lib/system/libmacho.dylib
0x00007fff29e31000 	/usr/lib/system/libquarantine.dylib
0x00007fff2a671000 	/usr/lib/system/libremovefile.dylib
0x00007fff24cc9000 	/usr/lib/system/libsystem_asl.dylib
0x00007fff201b6000 	/usr/lib/system/libsystem_blocks.dylib
0x00007fff20354000 	/usr/lib/system/libsystem_c.dylib
0x00007fff2a66b000 	/usr/lib/system/libsystem_collections.dylib
0x00007fff29125000 	/usr/lib/system/libsystem_configuration.dylib
0x00007fff28418000 	/usr/lib/system/libsystem_containermanager.dylib
0x00007fff2a3b3000 	/usr/lib/system/libsystem_coreservices.dylib
0x00007fff228e6000 	/usr/lib/system/libsystem_darwin.dylib
0x00007fff2a675000 	/usr/lib/system/libsystem_dnssd.dylib
0x00007fff20351000 	/usr/lib/system/libsystem_featureflags.dylib
0x00007fff204cc000 	/usr/lib/system/libsystem_info.dylib
0x00007fff2a5ce000 	/usr/lib/system/libsystem_m.dylib
0x00007fff202a6000 	/usr/lib/system/libsystem_malloc.dylib
0x00007fff24c5d000 	/usr/lib/system/libsystem_networkextension.dylib
0x00007fff22d01000 	/usr/lib/system/libsystem_notify.dylib
0x00007fff2ff70000 	/usr/lib/system/libsystem_product_info_filter.dylib
0x00007fff29129000 	/usr/lib/system/libsystem_sandbox.dylib
0x00007fff2a66e000 	/usr/lib/system/libsystem_secinit.dylib
0x00007fff2044c000 	/usr/lib/system/libsystem_kernel.dylib
0x00007fff204c2000 	/usr/lib/system/libsystem_platform.dylib
0x00007fff2047b000 	/usr/lib/system/libsystem_pthread.dylib
0x00007fff263c8000 	/usr/lib/system/libsystem_symptoms.dylib
0x00007fff201ee000 	/usr/lib/system/libsystem_trace.dylib
0x00007fff2a645000 	/usr/lib/system/libunwind.dylib
0x00007fff201b8000 	/usr/lib/system/libxpc.dylib
0x00007fff20433000 	/usr/lib/libc++abi.dylib
0x00007fff2a650000 	/usr/lib/liboah.dylib
0x00007fff2ad06000 	/usr/lib/liblzma.5.dylib
0x00007fff20fb9000 	/System/Library/Frameworks/SystemConfiguration.framework/Versions/A/SystemConfiguration
0x00007fff2a685000 	/usr/lib/libfakelink.dylib
0x00007fff247bf000 	/System/Library/Frameworks/CFNetwork.framework/Versions/A/CFNetwork
0x00007fff2a7c5000 	/usr/lib/libarchive.2.dylib
0x00007fff21037000 	/usr/lib/libCRFSuite.dylib
0x00007fff29e58000 	/usr/lib/libbsm.0.dylib
0x00007fff2417b000 	/usr/lib/libnetwork.dylib
0x00007fff2a68a000 	/usr/lib/libpcap.A.dylib
0x00007fff263c1000 	/usr/lib/libdns_services.dylib
0x00007fff2ad1f000 	/usr/lib/libcoretls_cfhelpers.dylib
0x00007fff2a8c9000 	/usr/lib/libapple_nghttp2.dylib
0x00007fff2a61d000 	/usr/lib/system/libkxld.dylib
0x00007fff26027000 	/usr/lib/libsqlite3.dylib
0x00007fff2a395000 	/System/Library/PrivateFrameworks/AppleFSCompression.framework/Versions/A/AppleFSCompression
0x00007fff29e40000 	/usr/lib/libcoretls.dylib
0x00007fff2a8f6000 	/usr/lib/libpam.2.dylib
0x00007fff2ae1c000 	/usr/lib/libxar.1.dylib
0x00007fff29130000 	/System/Library/PrivateFrameworks/AppleSystemInfo.framework/Versions/A/AppleSystemInfo
0x00007fff29a83000 	/System/Library/PrivateFrameworks/IOMobileFramebuffer.framework/Versions/A/IOMobileFramebuffer
0x00007fff2a3a5000 	/usr/lib/libbz2.1.0.dylib
0x00007fff2a6c2000 	/usr/lib/libiconv.2.dylib
0x00007fff2a616000 	/usr/lib/libcharset.1.dylib
0x00007fff2728a000 	/System/Library/Frameworks/CoreServices.framework/Versions/A/Frameworks/FSEvents.framework/Versions/A/FSEvents
0x00007fff228f0000 	/System/Library/Frameworks/CoreServices.framework/Versions/A/Frameworks/CarbonCore.framework/Versions/A/CarbonCore
0x00007fff265ca000 	/System/Library/Frameworks/CoreServices.framework/Versions/A/Frameworks/Metadata.framework/Versions/A/Metadata
0x00007fff2a3b8000 	/System/Library/Frameworks/CoreServices.framework/Versions/A/Frameworks/OSServices.framework/Versions/A/OSServices
0x00007fff2a837000 	/System/Library/Frameworks/CoreServices.framework/Versions/A/Frameworks/SearchKit.framework/Versions/A/SearchKit
0x00007fff2634b000 	/System/Library/Frameworks/CoreServices.framework/Versions/A/Frameworks/AE.framework/Versions/A/AE
0x00007fff20994000 	/System/Library/Frameworks/CoreServices.framework/Versions/A/Frameworks/LaunchServices.framework/Versions/A/LaunchServices
0x00007fff2acb7000 	/System/Library/Frameworks/CoreServices.framework/Versions/A/Frameworks/DictionaryServices.framework/Versions/A/DictionaryServices
0x00007fff27293000 	/System/Library/Frameworks/CoreServices.framework/Versions/A/Frameworks/SharedFileList.framework/Versions/A/SharedFileList
0x00007fff29e34000 	/usr/lib/libCheckFix.dylib
0x00007fff24ce0000 	/System/Library/PrivateFrameworks/TCC.framework/Versions/A/TCC
0x00007fff29136000 	/System/Library/PrivateFrameworks/CoreNLP.framework/Versions/A/CoreNLP
0x00007fff2657d000 	/System/Library/PrivateFrameworks/MetadataUtilities.framework/Versions/A/MetadataUtilities
0x00007fff2106d000 	/usr/lib/libmecabra.dylib
0x00007fff2a147000 	/System/Library/Frameworks/MLCompute.framework/Versions/A/MLCompute
0x00007fff29e69000 	/usr/lib/libmecab.dylib
0x00007fff29eb3000 	/usr/lib/libgermantok.dylib
0x00007fff2a89f000 	/usr/lib/libThaiTokenizer.dylib
0x00007fff2ae57000 	/usr/lib/libChineseTokenizer.dylib
0x00007fff2a8f4000 	/System/Library/Frameworks/MetalPerformanceShaders.framework/Versions/A/MetalPerformanceShaders
0x00007fff2666c000 	/System/Library/Frameworks/Accelerate.framework/Versions/A/Frameworks/vImage.framework/Versions/A/vImage
0x00007fff3004b000 	/System/Library/Frameworks/Accelerate.framework/Versions/A/Frameworks/vecLib.framework/Versions/A/vecLib
0x00007fff2ae62000 	/System/Library/Frameworks/Accelerate.framework/Versions/A/Frameworks/vecLib.framework/Versions/A/libvMisc.dylib
0x00007fff2989c000 	/System/Library/Frameworks/Accelerate.framework/Versions/A/Frameworks/vecLib.framework/Versions/A/libvDSP.dylib
0x00007fff20c98000 	/System/Library/Frameworks/Accelerate.framework/Versions/A/Frameworks/vecLib.framework/Versions/A/libBLAS.dylib
0x00007fff2a91a000 	/System/Library/Frameworks/Accelerate.framework/Versions/A/Frameworks/vecLib.framework/Versions/A/libLAPACK.dylib
0x00007fff29eb9000 	/System/Library/Frameworks/Accelerate.framework/Versions/A/Frameworks/vecLib.framework/Versions/A/libLinearAlgebra.dylib
0x00007fff2a8e1000 	/System/Library/Frameworks/Accelerate.framework/Versions/A/Frameworks/vecLib.framework/Versions/A/libSparseBLAS.dylib
0x00007fff2a914000 	/System/Library/Frameworks/Accelerate.framework/Versions/A/Frameworks/vecLib.framework/Versions/A/libQuadrature.dylib
0x00007fff291de000 	/System/Library/Frameworks/Accelerate.framework/Versions/A/Frameworks/vecLib.framework/Versions/A/libBNNS.dylib
0x00007fff20f4a000 	/System/Library/Frameworks/Accelerate.framework/Versions/A/Frameworks/vecLib.framework/Versions/A/libSparse.dylib
0x00007fff290c9000 	/System/Library/Frameworks/MetalPerformanceShaders.framework/Versions/A/Frameworks/MPSCore.framework/Versions/A/MPSCore
0x00007fff2a304000 	/System/Library/Frameworks/MetalPerformanceShaders.framework/Versions/A/Frameworks/MPSImage.framework/Versions/A/MPSImage
0x00007fff29ecf000 	/System/Library/Frameworks/MetalPerformanceShaders.framework/Versions/A/Frameworks/MPSNeuralNetwork.framework/Versions/A/MPSNeuralNetwork
0x00007fff2a28f000 	/System/Library/Frameworks/MetalPerformanceShaders.framework/Versions/A/Frameworks/MPSMatrix.framework/Versions/A/MPSMatrix
0x00007fff2a0f7000 	/System/Library/Frameworks/MetalPerformanceShaders.framework/Versions/A/Frameworks/MPSRayIntersector.framework/Versions/A/MPSRayIntersector
0x00007fff2a2c6000 	/System/Library/Frameworks/MetalPerformanceShaders.framework/Versions/A/Frameworks/MPSNDArray.framework/Versions/A/MPSNDArray
0x00007fff20bc4000 	/System/Library/PrivateFrameworks/MetalTools.framework/Versions/A/MetalTools
0x00007fff2912e000 	/System/Library/PrivateFrameworks/AggregateDictionary.framework/Versions/A/AggregateDictionary
0x00007fff26555000 	/System/Library/PrivateFrameworks/CoreAnalytics.framework/Versions/A/CoreAnalytics
0x00007fff2a8a1000 	/System/Library/PrivateFrameworks/AppleSauce.framework/Versions/A/AppleSauce
0x00007fff2843b000 	/System/Library/PrivateFrameworks/IOAccelerator.framework/Versions/A/IOAccelerator
0x00007fff6c9d0000 	/System/Library/Frameworks/OpenGL.framework/Versions/A/Libraries/libCoreFSCache.dylib
0x00007fff21609000 	/System/Library/PrivateFrameworks/LanguageModeling.framework/Versions/A/LanguageModeling
0x00007fff29a70000 	/System/Library/PrivateFrameworks/CoreEmoji.framework/Versions/A/CoreEmoji
0x00007fff291d7000 	/System/Library/PrivateFrameworks/LinguisticData.framework/Versions/A/LinguisticData
0x00007fff20efc000 	/System/Library/PrivateFrameworks/Lexicon.framework/Versions/A/Lexicon
0x00007fff2a7b3000 	/usr/lib/libcmph.dylib
0x00007fff2726a000 	/System/Library/Frameworks/OpenDirectory.framework/Versions/A/Frameworks/CFOpenDirectory.framework/Versions/A/CFOpenDirectory
0x00007fff2725a000 	/System/Library/Frameworks/OpenDirectory.framework/Versions/A/OpenDirectory
0x00007fff2ad21000 	/System/Library/PrivateFrameworks/APFS.framework/Versions/A/APFS
0x00007fff29d95000 	/System/Library/Frameworks/SecurityFoundation.framework/Versions/A/SecurityFoundation
0x00007fff2ae2a000 	/usr/lib/libutil.dylib
0x00007fff22c17000 	/System/Library/PrivateFrameworks/CoreServicesStore.framework/Versions/A/CoreServicesStore
0x00007fff29e2c000 	/System/Library/Frameworks/ServiceManagement.framework/Versions/A/ServiceManagement
0x00007fff2ae2e000 	/usr/lib/libxslt.1.dylib
0x00007fff29e22000 	/System/Library/PrivateFrameworks/BackgroundTaskManagement.framework/Versions/A/BackgroundTaskManagement
0x00007fff2be23000 	/System/Library/Frameworks/ImageIO.framework/Versions/A/Resources/libRadiance.dylib
0x00007fff2be2d000 	/System/Library/Frameworks/ImageIO.framework/Versions/A/Resources/libJPEG.dylib
0x00007fff2bd78000 	/System/Library/Frameworks/ImageIO.framework/Versions/A/Resources/libPng.dylib
0x00007fff2bd9f000 	/System/Library/Frameworks/ImageIO.framework/Versions/A/Resources/libTIFF.dylib
0x00007fff2be82000 	/System/Library/Frameworks/ImageIO.framework/Versions/A/Resources/libGIF.dylib
0x00007fff2badb000 	/System/Library/Frameworks/ImageIO.framework/Versions/A/Resources/libJP2.dylib
0x00007fff2b1c5000 	/usr/lib/libexpat.1.dylib
0x00007fff2ba90000 	/System/Library/PrivateFrameworks/AppleJPEG.framework/Versions/A/AppleJPEG
0x00007fff28671000 	/System/Library/PrivateFrameworks/FontServices.framework/libFontParser.dylib
0x00007fff262ff000 	/System/Library/PrivateFrameworks/RunningBoardServices.framework/Versions/A/RunningBoardServices
0x00007fff2bbba000 	/System/Library/PrivateFrameworks/WatchdogClient.framework/Versions/A/WatchdogClient
0x00007fff216f6000 	/System/Library/Frameworks/CoreDisplay.framework/Versions/A/CoreDisplay
0x00007fff28587000 	/System/Library/Frameworks/CoreMedia.framework/Versions/A/CoreMedia
0x00007fff273e7000 	/System/Library/Frameworks/CoreVideo.framework/Versions/A/CoreVideo
0x00007fff2bbf2000 	/System/Library/Frameworks/VideoToolbox.framework/Versions/A/VideoToolbox
0x00007fff2627d000 	/System/Library/PrivateFrameworks/BaseBoard.framework/Versions/A/BaseBoard
0x00007fff2b30a000 	/System/Library/PrivateFrameworks/PersistentConnection.framework/Versions/A/PersistentConnection
0x00007fff26010000 	/System/Library/PrivateFrameworks/ProtocolBuffer.framework/Versions/A/ProtocolBuffer
0x00007fff26264000 	/System/Library/PrivateFrameworks/CommonUtilities.framework/Versions/A/CommonUtilities
0x00007fff2ba25000 	/System/Library/PrivateFrameworks/Bom.framework/Versions/A/Bom
0x00007fff2be1c000 	/System/Library/PrivateFrameworks/GPUWrangler.framework/Versions/A/GPUWrangler
0x00007fff2bdff000 	/System/Library/PrivateFrameworks/IOPresentment.framework/Versions/A/IOPresentment
0x00007fff2be27000 	/System/Library/PrivateFrameworks/DSExternalDisplay.framework/Versions/A/DSExternalDisplay
0x00007fff2be87000 	/System/Library/PrivateFrameworks/CMCaptureCore.framework/Versions/A/CMCaptureCore
0x00007fff2b7aa000 	/System/Library/PrivateFrameworks/AppServerSupport.framework/Versions/A/AppServerSupport
0x00007fff2d85b000 	/System/Library/PrivateFrameworks/perfdata.framework/Versions/A/perfdata
0x00007fff29d84000 	/System/Library/PrivateFrameworks/AssertionServices.framework/Versions/A/AssertionServices
0x00007fff2182d000 	/System/Library/PrivateFrameworks/AudioToolboxCore.framework/Versions/A/AudioToolboxCore
0x00007fff2856a000 	/System/Library/PrivateFrameworks/caulk.framework/Versions/A/caulk
0x00007fff3d506000 	/System/Library/PrivateFrameworks/SystemPolicy.framework/Versions/A/SystemPolicy
0x00007fff2afba000 	/usr/lib/libIOReport.dylib
0x00007fff2d07d000 	/usr/lib/libSMC.dylib
0x00007fff2bd45000 	/usr/lib/libAudioToolboxUtility.dylib
0x00007fff3de70000 	/usr/lib/libmis.dylib
0x00007fff6ca2c000 	/System/Library/Frameworks/OpenGL.framework/Versions/A/Libraries/libGLU.dylib
0x00007fff6c9ef000 	/System/Library/Frameworks/OpenGL.framework/Versions/A/Libraries/libGFXShared.dylib
0x00007fff6cbfe000 	/System/Library/Frameworks/OpenGL.framework/Versions/A/Libraries/libGL.dylib
0x00007fff6c9f8000 	/System/Library/Frameworks/OpenGL.framework/Versions/A/Libraries/libGLImage.dylib
0x00007fff6c9ec000 	/System/Library/Frameworks/OpenGL.framework/Versions/A/Libraries/libCVMSPluginSupport.dylib
0x00007fff6c9d7000 	/System/Library/Frameworks/OpenGL.framework/Versions/A/Libraries/libCoreVMClient.dylib
0x00007fff6e03f000 	/System/Library/Frameworks/OpenCL.framework/Versions/A/OpenCL
0x00007fff2b334000 	/System/Library/PrivateFrameworks/GraphVisualizer.framework/Versions/A/GraphVisualizer
0x00007fff2b343000 	/System/Library/PrivateFrameworks/FaceCore.framework/Versions/A/FaceCore
0x00007fff2b75f000 	/System/Library/PrivateFrameworks/OTSVG.framework/Versions/A/OTSVG
0x00007fff26fde000 	/System/Library/Frameworks/ApplicationServices.framework/Versions/A/Frameworks/ATS.framework/Versions/A/Resources/libFontRegistry.dylib
0x00007fff2b7b1000 	/System/Library/PrivateFrameworks/FontServices.framework/libhvf.dylib
0x00007fff2b171000 	/System/Library/PrivateFrameworks/AppleVA.framework/Versions/A/AppleVA
0x00007fff2cec6000 	/System/Library/Frameworks/ApplicationServices.framework/Versions/A/Frameworks/ATS.framework/Versions/A/ATS
0x00007fff2d1d8000 	/System/Library/Frameworks/ApplicationServices.framework/Versions/A/Frameworks/ColorSyncLegacy.framework/Versions/A/ColorSyncLegacy
0x00007fff257ea000 	/System/Library/Frameworks/ApplicationServices.framework/Versions/A/Frameworks/HIServices.framework/Versions/A/HIServices
0x00007fff2d1bd000 	/System/Library/Frameworks/ApplicationServices.framework/Versions/A/Frameworks/LangAnalysis.framework/Versions/A/LangAnalysis
0x00007fff2be91000 	/System/Library/Frameworks/ApplicationServices.framework/Versions/A/Frameworks/PrintCore.framework/Versions/A/PrintCore
0x00007fff2d1e0000 	/System/Library/Frameworks/ApplicationServices.framework/Versions/A/Frameworks/QD.framework/Versions/A/QD
0x00007fff2ceb6000 	/System/Library/Frameworks/ApplicationServices.framework/Versions/A/Frameworks/SpeechSynthesis.framework/Versions/A/SpeechSynthesis
0x00007fff2be52000 	/System/Library/Frameworks/ApplicationServices.framework/Versions/A/Frameworks/ATSUI.framework/Versions/A/ATSUI
0x00007fff2d15d000 	/usr/lib/libcups.2.dylib
0x00007fff2d1cd000 	/System/Library/PrivateFrameworks/NetAuth.framework/Versions/A/NetAuth
0x00007fff2d877000 	/System/Library/Frameworks/Kerberos.framework/Versions/A/Kerberos
0x00007fff2d887000 	/System/Library/Frameworks/GSS.framework/Versions/A/GSS
0x00007fff2cf32000 	/usr/lib/libresolv.9.dylib
0x00007fff2b7c6000 	/System/Library/PrivateFrameworks/Heimdal.framework/Versions/A/Heimdal
0x00007fff3360b000 	/System/Library/Frameworks/Kerberos.framework/Versions/A/Libraries/libHeimdalProxy.dylib
0x00007fff263d0000 	/System/Library/Frameworks/Network.framework/Versions/A/Network
0x00007fff2b1df000 	/usr/lib/libheimdal-asn1.dylib
0x00007fff2d8d7000 	/System/Library/PrivateFrameworks/CommonAuth.framework/Versions/A/CommonAuth
0x00007fff27434000 	/System/Library/PrivateFrameworks/login.framework/Versions/A/Frameworks/loginsupport.framework/Versions/A/loginsupport
0x00007fff2ce3b000 	/System/Library/PrivateFrameworks/AudioSession.framework/Versions/A/AudioSession
0x00007fff2cea3000 	/usr/lib/libAudioStatistics.dylib
0x00007fff2b26c000 	/System/Library/PrivateFrameworks/MediaExperience.framework/Versions/A/MediaExperience
0x00007fff2ccd8000 	/System/Library/PrivateFrameworks/AudioSession.framework/libSessionUtility.dylib
0x00007fff2d868000 	/usr/lib/libperfcheck.dylib
0x00007fff2d1ec000 	/System/Library/PrivateFrameworks/AudioResourceArbitration.framework/Versions/A/AudioResourceArbitration
0x00007fff2b1e9000 	/System/Library/PrivateFrameworks/IconFoundation.framework/Versions/A/IconFoundation
0x00007fff2fd15000 	/System/Library/PrivateFrameworks/SpeechRecognitionCore.framework/Versions/A/SpeechRecognitionCore
0x0000000114800000 	/Library/Internet Plug-Ins/JavaAppletPlugin.plugin/Contents/Home/lib/server/libjvm.dylib
0x000000010e75e000 	/Library/Internet Plug-Ins/JavaAppletPlugin.plugin/Contents/Home/lib/libverify.dylib
0x000000010e76f000 	/Library/Internet Plug-Ins/JavaAppletPlugin.plugin/Contents/Home/lib/libjava.dylib
0x000000010e7ec000 	/Library/Internet Plug-Ins/JavaAppletPlugin.plugin/Contents/Home/lib/libzip.dylib
0x000000011b20e000 	/Library/Internet Plug-Ins/JavaAppletPlugin.plugin/Contents/Home/lib/libmanagement.dylib
0x000000011b21f000 	/Library/Internet Plug-Ins/JavaAppletPlugin.plugin/Contents/Home/lib/libnet.dylib
0x000000011b454000 	/Library/Internet Plug-Ins/JavaAppletPlugin.plugin/Contents/Home/lib/libnio.dylib
0x000000011b87b000 	/Library/Internet Plug-Ins/JavaAppletPlugin.plugin/Contents/Home/lib/libsunec.dylib
0x000000011bee2000 	/private/var/folders/88/glf__2v94hx7vzdls04cx1zc0000gn/T/jna-1690377232/jna6062724684804785743.tmp
0x00007fff6f880000 	/System/Library/Frameworks/JavaVM.framework/Versions/A/JavaVM
0x000000011c4f8000 	/Library/Internet Plug-Ins/JavaAppletPlugin.plugin/Contents/Home/lib/libawt.dylib
0x000000011c598000 	/Library/Internet Plug-Ins/JavaAppletPlugin.plugin/Contents/Home/lib/libmlib_image.dylib
0x00007fff6f86c000 	/System/Library/Frameworks/JavaNativeFoundation.framework/Versions/A/JavaNativeFoundation
0x00007fff6f878000 	/System/Library/Frameworks/JavaRuntimeSupport.framework/Versions/A/JavaRuntimeSupport
0x00007fff3d27e000 	/System/Library/Frameworks/Carbon.framework/Versions/A/Carbon
0x00007fff31cdf000 	/System/Library/PrivateFrameworks/CoreSymbolication.framework/Versions/A/CoreSymbolication
0x00007fff36578000 	/System/Library/Frameworks/Carbon.framework/Versions/A/Frameworks/CommonPanels.framework/Versions/A/CommonPanels
0x00007fff330c5000 	/System/Library/Frameworks/Carbon.framework/Versions/A/Frameworks/Help.framework/Versions/A/Help
0x00007fff3657c000 	/System/Library/Frameworks/Carbon.framework/Versions/A/Frameworks/ImageCapture.framework/Versions/A/ImageCapture
0x00007fff36554000 	/System/Library/Frameworks/Carbon.framework/Versions/A/Frameworks/OpenScripting.framework/Versions/A/OpenScripting
0x00007fff36574000 	/System/Library/Frameworks/Carbon.framework/Versions/A/Frameworks/Ink.framework/Versions/A/Ink
0x00007fff3d27a000 	/System/Library/Frameworks/Carbon.framework/Versions/A/Frameworks/Print.framework/Versions/A/Print
0x00007fff36570000 	/System/Library/Frameworks/Carbon.framework/Versions/A/Frameworks/SecurityHI.framework/Versions/A/SecurityHI
0x00007fff31ca2000 	/System/Library/PrivateFrameworks/DebugSymbols.framework/Versions/A/DebugSymbols
0x000000011c657000 	/Library/Internet Plug-Ins/JavaAppletPlugin.plugin/Contents/Home/lib/libawt_lwawt.dylib
0x000000011c706000 	/Library/Internet Plug-Ins/JavaAppletPlugin.plugin/Contents/Home/lib/libosxapp.dylib
0x00007fff3c63e000 	/System/Library/Frameworks/ExceptionHandling.framework/Versions/A/ExceptionHandling
0x00007fff22bd8000 	/System/Library/PrivateFrameworks/CoreServicesInternal.framework/Versions/A/CoreServicesInternal
0x00007fff311fb000 	/System/Library/Frameworks/FileProvider.framework/Versions/A/FileProvider
0x00007fff261e7000 	/System/Library/Frameworks/Accounts.framework/Versions/A/Accounts
0x00007fff3131c000 	/System/Library/PrivateFrameworks/GenerationalStorage.framework/Versions/A/GenerationalStorage
0x00007fff30c1a000 	/System/Library/PrivateFrameworks/SymptomDiagnosticReporter.framework/Versions/A/SymptomDiagnosticReporter
0x00007fff2e520000 	/System/Library/PrivateFrameworks/AppContainer.framework/Versions/A/AppContainer
0x00007fff23d24000 	/System/Library/PrivateFrameworks/DesktopServicesPriv.framework/Versions/A/DesktopServicesPriv
0x00007fff22d0d000 	/usr/lib/libsandbox.1.dylib
0x00007fff27460000 	/System/Library/PrivateFrameworks/UserManagement.framework/Versions/A/UserManagement
0x00007fff29d61000 	/System/Library/PrivateFrameworks/MobileKeyBag.framework/Versions/A/MobileKeyBag
0x00007fff34675000 	/System/Library/PrivateFrameworks/ChunkingLibrary.framework/Versions/A/ChunkingLibrary
0x00007fff2e535000 	/System/Library/PrivateFrameworks/SecCodeWrapper.framework/Versions/A/SecCodeWrapper
0x00007fff2afc2000 	/System/Library/PrivateFrameworks/CrashReporterSupport.framework/Versions/A/CrashReporterSupport
0x00007fff483f9000 	/System/Library/PrivateFrameworks/OSAnalytics.framework/Versions/A/OSAnalytics
0x00007fff78204000 	/usr/lib/libRosetta.dylib
0x00007fff33056000 	/System/Library/PrivateFrameworks/RemoteServiceDiscovery.framework/Versions/A/RemoteServiceDiscovery
0x00007fff523d1000 	/System/Library/PrivateFrameworks/Symbolication.framework/Versions/A/Symbolication
0x00007fff33066000 	/System/Library/PrivateFrameworks/RemoteXPC.framework/Versions/A/RemoteXPC
0x00007fff39571000 	/System/Library/PrivateFrameworks/OSAServicesClient.framework/Versions/A/OSAServicesClient
0x00007fff3de4f000 	/System/Library/PrivateFrameworks/MallocStackLogging.framework/Versions/A/MallocStackLogging
0x00007fff2e2b7000 	/System/Library/PrivateFrameworks/Sharing.framework/Versions/A/Sharing
0x00007fff32c33000 	/System/Library/PrivateFrameworks/Apple80211.framework/Versions/A/Apple80211
0x00007fff2a3e6000 	/System/Library/PrivateFrameworks/AuthKit.framework/Versions/A/AuthKit
0x00007fff29b61000 	/System/Library/PrivateFrameworks/CoreUtils.framework/Versions/A/CoreUtils
0x00007fff29a8e000 	/System/Library/Frameworks/CoreWLAN.framework/Versions/A/CoreWLAN
0x00007fff2e3ff000 	/System/Library/Frameworks/IOBluetooth.framework/Versions/A/IOBluetooth
0x00007fff32c97000 	/System/Library/PrivateFrameworks/CoreWiFi.framework/Versions/A/CoreWiFi
0x00007fff2d95f000 	/System/Library/PrivateFrameworks/CorePhoneNumbers.framework/Versions/A/CorePhoneNumbers
0x00007fff30d22000 	/System/Library/PrivateFrameworks/DiskManagement.framework/Versions/A/DiskManagement
0x00007fff30c38000 	/System/Library/PrivateFrameworks/AppleIDAuthSupport.framework/Versions/A/AppleIDAuthSupport
0x00007fff2d93c000 	/System/Library/PrivateFrameworks/KeychainCircle.framework/Versions/A/KeychainCircle
0x00007fff30cee000 	/System/Library/PrivateFrameworks/MediaKit.framework/Versions/A/MediaKit
0x00007fff30c45000 	/System/Library/Frameworks/DiscRecording.framework/Versions/A/DiscRecording
0x00007fff2b0e5000 	/usr/lib/libCoreStorage.dylib
0x00007fff330d1000 	/usr/lib/libcsfde.dylib
0x00007fff2e539000 	/System/Library/PrivateFrameworks/ProtectedCloudStorage.framework/Versions/A/ProtectedCloudStorage
0x00007fff330c9000 	/System/Library/PrivateFrameworks/EFILogin.framework/Versions/A/EFILogin
0x00007fff336be000 	/System/Library/Frameworks/AudioUnit.framework/Versions/A/AudioUnit
0x00007fff30bb7000 	/System/Library/Frameworks/CoreBluetooth.framework/Versions/A/CoreBluetooth
0x00007fff2b0dd000 	/usr/lib/libMatch.1.dylib
0x00007fff4408a000 	/System/Library/CoreServices/RawCamera.bundle/Contents/MacOS/RawCamera
0x00007fff2d8e8000 	/System/Library/PrivateFrameworks/MobileAsset.framework/Versions/A/MobileAsset
0x00007fff336e3000 	/System/Library/PrivateFrameworks/StreamingZip.framework/Versions/A/StreamingZip
0x00007fff2c08a000 	/System/Library/Frameworks/MediaToolbox.framework/Versions/A/MediaToolbox
0x00007fff311cd000 	/System/Library/PrivateFrameworks/CoreAVCHD.framework/Versions/A/CoreAVCHD
0x00007fff30381000 	/System/Library/Frameworks/MediaAccessibility.framework/Versions/A/MediaAccessibility
0x00007fff311c9000 	/System/Library/PrivateFrameworks/Mangrove.framework/Versions/A/Mangrove
0x00007fff3038d000 	/System/Library/PrivateFrameworks/AlgosScoreFramework.framework/Versions/A/AlgosScoreFramework
0x00007fff31b92000 	/System/Library/PrivateFrameworks/AppleVPA.framework/Versions/A/AppleVPA
0x00007fff30e0e000 	/System/Library/PrivateFrameworks/CoreAUC.framework/Versions/A/CoreAUC
0x00007fff41a7c000 	/System/Library/Frameworks/Accelerate.framework/Versions/A/Frameworks/vImage.framework/Versions/A/Libraries/libCGInterfaces.dylib
0x000000011e105000 	/usr/lib/libobjc-trampolines.dylib
0x00007fff27162000 	/System/Library/PrivateFrameworks/ViewBridge.framework/Versions/A/ViewBridge
0x00007fff2b887000 	/System/Library/PrivateFrameworks/login.framework/Versions/A/login
0x0000000140770000 	/Library/Internet Plug-Ins/JavaAppletPlugin.plugin/Contents/Home/lib/libfontmanager.dylib
0x00000001407d1000 	/Users/benjamin/.gradle/caches/minecraft/net/minecraft/natives/1.12.2/liblwjgl.dylib
0x000000011e17d000 	/Library/Internet Plug-Ins/JavaAppletPlugin.plugin/Contents/Home/lib/libjawt.dylib
0x00007fff6cc09000 	/System/Library/Frameworks/OpenGL.framework/Versions/A/Resources/GLEngine.bundle/GLEngine
0x00007fff6ca69000 	/System/Library/Frameworks/OpenGL.framework/Versions/A/Libraries/libGLProgrammability.dylib
0x00007fff5fd99000 	/System/Library/Extensions/AppleIntelKBLGraphicsGLDriver.bundle/Contents/MacOS/AppleIntelKBLGraphicsGLDriver
0x00007fff46d8b000 	/System/Library/PrivateFrameworks/GPUSupport.framework/Versions/A/Libraries/libGPUSupportMercury.dylib
0x00000001411b5000 	/System/Library/Extensions/AMDRadeonX4000GLDriver.bundle/Contents/MacOS/AMDRadeonX4000GLDriver
0x00007fff6ef1a000 	/System/Library/Extensions/AMDRadeonX4000GLDriver.bundle/Contents/MacOS/ATIRadeonX4000SCLib.dylib
0x00007fff5f03d000 	/System/Library/Extensions/AMDShared.bundle/Contents/PlugIns/libSC.dylib
0x00007fff6cd85000 	/System/Library/Frameworks/OpenGL.framework/Versions/A/Resources/GLRendererFloat.bundle/GLRendererFloat

VM Arguments:
jvm_args: -Dfml.coreMods.load=com.bawnorton.vrt.core.VoidRisingTweaksLoadingPlugin -Dforge.verboseMissingModelLoggingCount=20 -Dfile.encoding=UTF-8 
java_command: GradleStart -username=minecraft@kitmonster.com -password=co35af
java_class_path (initial): /Users/benjamin/Documents/Developer/Minecraft/Modding/VoidRisingTweaks/bin/main:/Users/benjamin/.gradle/caches/modules-2/files-2.1/org.spongepowered/mixin/0.8.2/1cf212283d26f706fd3074318870bebd14d2a9ed/mixin-0.8.2.jar:/Users/benjamin/.gradle/caches/modules-2/files-2.1/org.jetbrains/annotations/20.1.0/2fcd1f3225bca0c4a7bc931142076f8c1e80993f/annotations-20.1.0.jar:/Users/benjamin/.gradle/caches/minecraft/net/minecraftforge/forge/1.12.2-14.23.5.2847/stable/39/forgeSrc-1.12.2-14.23.5.2847.jar:/Users/benjamin/.gradle/caches/modules-2/files-2.1/com.mojang/authlib/1.5.25/9834cdf236c22e84b946bba989e2f94ef5897c3c/authlib-1.5.25.jar:/Users/benjamin/.gradle/caches/modules-2/files-2.1/com.google.code.findbugs/jsr305/3.0.1/f7be08ec23c21485b9b5a1cf1654c2ec8c58168d/jsr305-3.0.1.jar:/Users/benjamin/.gradle/caches/modules-2/files-2.1/com.mojang/patchy/1.1/aef610b34a1be37fa851825f12372b78424d8903/patchy-1.1.jar:/Users/benjamin/.gradle/caches/modules-2/files-2.1/oshi-project/oshi-core/1.1/9ddf7b048a8d701be231c0f4f95fd986198fd2d8/oshi-core-1.1.jar:/Users/benjamin/.gradle/caches/modules-2/files-2.1/com.mojang/text2speech/1.10.3/48fd510879dff266c3815947de66e3d4809f8668/text2speech-1.10.3.jar:/Users/benjamin/.gradle/caches/modules-2/files-2.1/ca.weblite/java-objc-bridge/1.0.0/6ef160c3133a78de015830860197602ca1c855d3/java-objc-bridge-1.0.0.jar:/Users/benjamin/.gradle/caches/modules-2/files-2.1/net.java.dev.jna/jna/4.4.0/cb208278274bf12ebdb56c61bd7407e6f774d65a/jna-4.4.0.jar:/Users/benjamin/.gradle/caches/modules-2/files-2.1/net.java.dev.jna/platform/3.4.0/e3f70017be8100d3d6923f50b3d2ee17714e9c13/platform-3.4.0.jar:/Users/benjamin/.gradle/caches/modules-2/files-2.1/com.ibm.icu/icu4j-core-mojang/51.2/63d216a9311cca6be337c1e458e587f99d382b84/icu4j-core-mojang-51.2.jar:/Users/benjamin/.gradle/caches/modules-2/files-2.1/net.minecraft/launchwrapper/1.12/111e7bea9c968cdb3d06ef4632bf7ff0824d0f36/launchwrapper-1.12.jar:/Users/benjamin/.gradle/caches/modules-2/files-2.1
Launcher Type: SUN_STANDARD

Environment Variables:
PATH=/usr/bin:/bin:/usr/sbin:/sbin
SHELL=/bin/zsh

Signal Handlers:
SIGSEGV: [libjvm.dylib+0x5a1f9b], sa_mask[0]=11111111011111110111111111111111, sa_flags=SA_ONSTACK|SA_RESTART|SA_SIGINFO
SIGBUS: [libjvm.dylib+0x5a1f9b], sa_mask[0]=11111111011111110111111111111111, sa_flags=SA_RESTART|SA_SIGINFO
SIGFPE: [libjvm.dylib+0x492701], sa_mask[0]=11111111011111110111111111111111, sa_flags=SA_RESTART|SA_SIGINFO
SIGPIPE: [libjvm.dylib+0x492701], sa_mask[0]=11111111011111110111111111111111, sa_flags=SA_RESTART|SA_SIGINFO
SIGXFSZ: [libjvm.dylib+0x492701], sa_mask[0]=11111111011111110111111111111111, sa_flags=SA_RESTART|SA_SIGINFO
SIGILL: [libjvm.dylib+0x492701], sa_mask[0]=11111111011111110111111111111111, sa_flags=SA_RESTART|SA_SIGINFO
SIGUSR1: SIG_DFL, sa_mask[0]=00000000000000000000000000000000, sa_flags=none
SIGUSR2: [libjvm.dylib+0x492ffa], sa_mask[0]=00100000000000000000000000000000, sa_flags=SA_RESTART|SA_SIGINFO
SIGHUP: [libjvm.dylib+0x491209], sa_mask[0]=11111111011111110111111111111111, sa_flags=SA_RESTART|SA_SIGINFO
SIGINT: [libjvm.dylib+0x491209], sa_mask[0]=11111111011111110111111111111111, sa_flags=SA_RESTART|SA_SIGINFO
SIGTERM: [libjvm.dylib+0x491209], sa_mask[0]=11111111011111110111111111111111, sa_flags=SA_RESTART|SA_SIGINFO
SIGQUIT: [libjvm.dylib+0x491209], sa_mask[0]=11111111011111110111111111111111, sa_flags=SA_RESTART|SA_SIGINFO


---------------  S Y S T E M  ---------------

OS:Bsduname:Darwin 20.3.0 Darwin Kernel Version 20.3.0: Thu Jan 21 00:07:06 PST 2021; root:xnu-7195.81.3~1/RELEASE_X86_64 x86_64
rlimit: STACK 8192k, CORE 0k, NPROC 5568, NOFILE 10240, AS infinity
load average:7.07 4.74 4.33

CPU:total 12 (initial active 12) (6 cores per cpu, 2 threads per core) family 6 model 158 stepping 10, cmov, cx8, fxsr, mmx, sse, sse2, sse3, ssse3, sse4.1, sse4.2, popcnt, avx, avx2, aes, clmul, erms, rtm, 3dnowpref, lzcnt, ht, tsc, tscinvbit, bmi1, bmi2, adx

Memory: 4k page, physical 33554432k(2606636k free)

/proc/meminfo:


vm_info: Java HotSpot(TM) 64-Bit Server VM (25.281-b09) for bsd-amd64 JRE (1.8.0_281-b09), built on Dec  9 2020 12:44:49 by "java_re" with gcc 4.2.1 Compatible Apple LLVM 10.0.0 (clang-1000.11.45.5)

time: Wed Apr  7 20:42:24 2021
timezone: EDT
elapsed time: 9.422823 seconds (0d 0h 0m 9s)

