#
# A fatal error has been detected by the Java Runtime Environment:
#
#  SIGSEGV (0xb) at pc=0x00007fff2031f9bf, pid=48349, tid=0x0000000000002903
#
# JRE version: OpenJDK Runtime Environment (8.0_282-b08) (build 1.8.0_282-b08)
# Java VM: OpenJDK 64-Bit Server VM (25.282-b08 mixed mode bsd-amd64 compressed oops)
# Problematic frame:
# C  [libobjc.A.dylib+0x79bf]  objc_release+0x1f
#
# Failed to write core dump. Core dumps have been disabled. To enable core dumping, try "ulimit -c unlimited" before starting Java again
#
# If you would like to submit a bug report, please include
# instructions on how to reproduce the bug and visit:
#   https://github.com/corretto/corretto-8/issues/
# The crash happened outside the Java Virtual Machine in native code.
# See problematic frame for where to report the bug.
#

---------------  T H R E A D  ---------------

Current thread (0x00007f953c016000):  JavaThread "Client thread" [_thread_in_native, id=10499, stack(0x0000700003c2e000,0x0000700003d2e000)]

siginfo: si_signo: 11 (SIGSEGV), si_code: 1 (SEGV_MAPERR), si_addr: 0x0000000000000020

Registers:
RAX=0x1000000000000000, RBX=0x0000000000000001, RCX=0x0000000000000000, RDX=0x0000000000000005
RSP=0x0000700003d2c308, RBP=0x0000700003d2c340, RSI=0x00007f94cea17c40, RDI=0x00007f953c9f8ed0
R8 =0x00007f94cd73d8c0, R9 =0x000000000000001f, R10=0x00007f94ceb16640, R11=0x00007fff22d64617
R12=0x00007f953c9f8ed0, R13=0xa3a3a3a3a3a3a3a3, R14=0x00007f953b853090, R15=0x00007f953b853000
RIP=0x00007fff2031f9bf, EFLAGS=0x0000000000010246, ERR=0x0000000000000004
  TRAPNO=0x000000000000000e

Top of Stack: (sp=0x0000700003d2c308)
0x0000700003d2c308:   00007fff2033d39d 0000000000000000
0x0000700003d2c318:   00007f953b853000 0000000000000000
0x0000700003d2c328:   00000001394ee5b8 00007fff7c3fae8f
0x0000700003d2c338:   00007f953c016000 0000700003d2c360
0x0000700003d2c348:   00007fff2032033e 0000000000000000
0x0000700003d2c358:   00007f953b853090 0000700003d2c380
0x0000700003d2c368:   00007fff2053a1f0 0000000000000000
0x0000700003d2c378:   00007f953caaf010 0000700003d2c3c0
0x0000700003d2c388:   00007fff212c3dfd 0000700003d2c3c0
0x0000700003d2c398:   0000000138b6ee0f 00000001394ee5c0
0x0000700003d2c3a8:   67be499f4e8600f9 00000001394ee5c0
0x0000700003d2c3b8:   0000700003d2c448 0000700003d2c420
0x0000700003d2c3c8:   0000000114d26407 0000000720328fe0
0x0000700003d2c3d8:   0000000114d26122 0000700003d2c3e0
0x0000700003d2c3e8:   00000001394ee5b8 0000700003d2c448
0x0000700003d2c3f8:   00000001394eeb20 0000000000000000
0x0000700003d2c408:   00000001394ee5c0 0000000000000000
0x0000700003d2c418:   0000700003d2c440 0000700003d2c490
0x0000700003d2c428:   0000000114d15ffd 000000072049d608
0x0000700003d2c438:   0000000114d1fa58 00000007204bd748
0x0000700003d2c448:   0000000720328fe0 0000700003d2c450
0x0000700003d2c458:   00000001394ee4bf 0000700003d2c4c0
0x0000700003d2c468:   00000001394eeb20 0000000000000000
0x0000700003d2c478:   00000001394ee530 0000700003d2c440
0x0000700003d2c488:   0000700003d2c4b0 0000700003d2c518
0x0000700003d2c498:   0000000114d16042 0000000000000000
0x0000700003d2c4a8:   0000000720328fe0 00000007204bd748
0x0000700003d2c4b8:   0000000720328f28 000000072049d6a0
0x0000700003d2c4c8:   0000000114d219e7 000000072049d6b0
0x0000700003d2c4d8:   0000700003d2c4c8 00000001394ebeae
0x0000700003d2c4e8:   0000700003d2c528 00000001394ecd48
0x0000700003d2c4f8:   0000000000000000 00000001394ebee0 

Instructions: (pc=0x00007fff2031f9bf)
0x00007fff2031f99f:   90 48 85 ff 74 76 89 f8 83 e0 01 48 85 c0 75 6c
0x00007fff2031f9af:   48 8b 07 48 b9 f8 ff ff ff ff 7f 00 00 48 21 c1
0x00007fff2031f9bf:   48 8b 51 20 f6 c2 04 74 54 a8 01 74 6f 48 b9 00
0x00007fff2031f9cf:   00 00 00 00 00 80 00 48 ba 00 00 00 00 00 00 00 

Register to memory mapping:

RAX=0x1000000000000000 is an unknown value
RBX=0x0000000000000001 is an unknown value
RCX=0x0000000000000000 is an unknown value
RDX=0x0000000000000005 is an unknown value
RSP=0x0000700003d2c308 is pointing into the stack for thread: 0x00007f953c016000
RBP=0x0000700003d2c340 is pointing into the stack for thread: 0x00007f953c016000
RSI=0x00007f94cea17c40 is an unknown value
RDI=0x00007f953c9f8ed0 is an unknown value
R8 =0x00007f94cd73d8c0 is an unknown value
R9 =0x000000000000001f is an unknown value
R10=0x00007f94ceb16640 is an unknown value
R11=0x00007fff22d64617: -[NSResponder release]+0 in /System/Library/Frameworks/AppKit.framework/Versions/C/AppKit at 0x00007fff22d59000
R12=0x00007f953c9f8ed0 is an unknown value
R13=0xa3a3a3a3a3a3a3a3 is an unknown value
R14=0x00007f953b853090 is an unknown value
R15=0x00007f953b853000 is an unknown value


Stack: [0x0000700003c2e000,0x0000700003d2e000],  sp=0x0000700003d2c308,  free space=1016k
Native frames: (J=compiled Java code, j=interpreted, Vv=VM code, C=native code)
C  [libobjc.A.dylib+0x79bf]  objc_release+0x1f
C  [libobjc.A.dylib+0x833e]  objc_autoreleasePoolPop+0xa1
C  [CoreFoundation+0x421f0]  _CFAutoreleasePoolPop+0x16
C  [Foundation+0x1edfd]  -[NSAutoreleasePool release]+0x81
j  org.lwjgl.opengl.MacOSXContextImplementation.setView(Ljava/nio/ByteBuffer;Ljava/nio/ByteBuffer;)V+0
j  org.lwjgl.opengl.MacOSXContextImplementation.makeCurrent(Lorg/lwjgl/opengl/PeerInfo;Ljava/nio/ByteBuffer;)V+7
j  org.lwjgl.opengl.ContextGL.makeCurrent()V+46
j  org.lwjgl.opengl.DrawableGL.makeCurrent()V+14
j  org.lwjgl.opengl.Display.makeCurrent()V+3
j  org.lwjgl.opengl.Display.makeCurrentAndSetSwapInterval()V+0
j  org.lwjgl.opengl.Display.create(Lorg/lwjgl/opengl/PixelFormat;Lorg/lwjgl/opengl/Drawable;Lorg/lwjgl/opengl/ContextAttribs;)V+108
j  org.lwjgl.opengl.Display.create(Lorg/lwjgl/opengl/PixelFormat;)V+12
j  net.minecraft.client.Minecraft.createDisplay()V+22
j  net.minecraft.client.Minecraft.init()V+115
j  net.minecraft.client.Minecraft.run()V+6
j  net.minecraft.client.main.Main.main([Ljava/lang/String;)V+1094
v  ~StubRoutines::call_stub
V  [libjvm.dylib+0x2dd6ed]
V  [libjvm.dylib+0x4ee606]
V  [libjvm.dylib+0x4eeebc]
V  [libjvm.dylib+0x353ea2]
j  sun.reflect.NativeMethodAccessorImpl.invoke0(Ljava/lang/reflect/Method;Ljava/lang/Object;[Ljava/lang/Object;)Ljava/lang/Object;+0
j  sun.reflect.NativeMethodAccessorImpl.invoke(Ljava/lang/Object;[Ljava/lang/Object;)Ljava/lang/Object;+100
J 1906 C1 sun.reflect.DelegatingMethodAccessorImpl.invoke(Ljava/lang/Object;[Ljava/lang/Object;)Ljava/lang/Object; (10 bytes) @ 0x00000001153a928c [0x00000001153a9180+0x10c]
J 1905 C1 java.lang.reflect.Method.invoke(Ljava/lang/Object;[Ljava/lang/Object;)Ljava/lang/Object; (62 bytes) @ 0x00000001153a9a5c [0x00000001153a9660+0x3fc]
j  net.minecraft.launchwrapper.Launch.launch([Ljava/lang/String;)V+661
j  net.minecraft.launchwrapper.Launch.main([Ljava/lang/String;)V+8
v  ~StubRoutines::call_stub
V  [libjvm.dylib+0x2dd6ed]
V  [libjvm.dylib+0x4ee606]
V  [libjvm.dylib+0x4eeebc]
V  [libjvm.dylib+0x353ea2]
j  sun.reflect.NativeMethodAccessorImpl.invoke0(Ljava/lang/reflect/Method;Ljava/lang/Object;[Ljava/lang/Object;)Ljava/lang/Object;+0
j  sun.reflect.NativeMethodAccessorImpl.invoke(Ljava/lang/Object;[Ljava/lang/Object;)Ljava/lang/Object;+100
j  sun.reflect.DelegatingMethodAccessorImpl.invoke(Ljava/lang/Object;[Ljava/lang/Object;)Ljava/lang/Object;+6
j  java.lang.reflect.Method.invoke(Ljava/lang/Object;[Ljava/lang/Object;)Ljava/lang/Object;+56
j  net.minecraftforge.gradle.GradleStartCommon.launch([Ljava/lang/String;)V+169
j  GradleStart.main([Ljava/lang/String;)V+11
v  ~StubRoutines::call_stub
V  [libjvm.dylib+0x2dd6ed]
V  [libjvm.dylib+0x314b5c]
V  [libjvm.dylib+0x31757b]
C  [java+0x3a84]  JavaMain+0x9d1
C  [libsystem_pthread.dylib+0x6950]  _pthread_start+0xe0
C  [libsystem_pthread.dylib+0x247b]  thread_start+0xf
C  0x0000000000000000

Java frames: (J=compiled Java code, j=interpreted, Vv=VM code)
j  org.lwjgl.opengl.MacOSXContextImplementation.setView(Ljava/nio/ByteBuffer;Ljava/nio/ByteBuffer;)V+0
j  org.lwjgl.opengl.MacOSXContextImplementation.makeCurrent(Lorg/lwjgl/opengl/PeerInfo;Ljava/nio/ByteBuffer;)V+7
j  org.lwjgl.opengl.ContextGL.makeCurrent()V+46
j  org.lwjgl.opengl.DrawableGL.makeCurrent()V+14
j  org.lwjgl.opengl.Display.makeCurrent()V+3
j  org.lwjgl.opengl.Display.makeCurrentAndSetSwapInterval()V+0
j  org.lwjgl.opengl.Display.create(Lorg/lwjgl/opengl/PixelFormat;Lorg/lwjgl/opengl/Drawable;Lorg/lwjgl/opengl/ContextAttribs;)V+108
j  org.lwjgl.opengl.Display.create(Lorg/lwjgl/opengl/PixelFormat;)V+12
j  net.minecraft.client.Minecraft.createDisplay()V+22
j  net.minecraft.client.Minecraft.init()V+115
j  net.minecraft.client.Minecraft.run()V+6
j  net.minecraft.client.main.Main.main([Ljava/lang/String;)V+1094
v  ~StubRoutines::call_stub
j  sun.reflect.NativeMethodAccessorImpl.invoke0(Ljava/lang/reflect/Method;Ljava/lang/Object;[Ljava/lang/Object;)Ljava/lang/Object;+0
j  sun.reflect.NativeMethodAccessorImpl.invoke(Ljava/lang/Object;[Ljava/lang/Object;)Ljava/lang/Object;+100
J 1906 C1 sun.reflect.DelegatingMethodAccessorImpl.invoke(Ljava/lang/Object;[Ljava/lang/Object;)Ljava/lang/Object; (10 bytes) @ 0x00000001153a928c [0x00000001153a9180+0x10c]
J 1905 C1 java.lang.reflect.Method.invoke(Ljava/lang/Object;[Ljava/lang/Object;)Ljava/lang/Object; (62 bytes) @ 0x00000001153a9a5c [0x00000001153a9660+0x3fc]
j  net.minecraft.launchwrapper.Launch.launch([Ljava/lang/String;)V+661
j  net.minecraft.launchwrapper.Launch.main([Ljava/lang/String;)V+8
v  ~StubRoutines::call_stub
j  sun.reflect.NativeMethodAccessorImpl.invoke0(Ljava/lang/reflect/Method;Ljava/lang/Object;[Ljava/lang/Object;)Ljava/lang/Object;+0
j  sun.reflect.NativeMethodAccessorImpl.invoke(Ljava/lang/Object;[Ljava/lang/Object;)Ljava/lang/Object;+100
j  sun.reflect.DelegatingMethodAccessorImpl.invoke(Ljava/lang/Object;[Ljava/lang/Object;)Ljava/lang/Object;+6
j  java.lang.reflect.Method.invoke(Ljava/lang/Object;[Ljava/lang/Object;)Ljava/lang/Object;+56
j  net.minecraftforge.gradle.GradleStartCommon.launch([Ljava/lang/String;)V+169
j  GradleStart.main([Ljava/lang/String;)V+11
v  ~StubRoutines::call_stub

---------------  P R O C E S S  ---------------

Java Threads: ( => current thread )
  0x00007f94ce062800 JavaThread "AWT-Shutdown" [_thread_blocked, id=56591, stack(0x00007000059bc000,0x0000700005abc000)]
  0x00007f94cb17c800 JavaThread "Timer hack thread" daemon [_thread_blocked, id=36639, stack(0x0000700005527000,0x0000700005627000)]
  0x00007f951b89e000 JavaThread "Snooper Timer" daemon [_thread_blocked, id=49423, stack(0x00007000058b9000,0x00007000059b9000)]
  0x00007f953d732800 JavaThread "AppKit Thread" daemon [_thread_in_native, id=775, stack(0x00007ffee8390000,0x00007ffee8b90000)]
  0x00007f953ea00800 JavaThread "process reaper" daemon [_thread_blocked, id=24327, stack(0x00007000054fc000,0x0000700005524000)]
  0x00007f951c24b000 JavaThread "Attach Listener" daemon [_thread_blocked, id=41987, stack(0x00007000053f9000,0x00007000054f9000)]
  0x00007f953c0de000 JavaThread "Service Thread" daemon [_thread_blocked, id=42499, stack(0x00007000051f3000,0x00007000052f3000)]
  0x00007f953d809000 JavaThread "C1 CompilerThread3" daemon [_thread_blocked, id=42755, stack(0x00007000050f0000,0x00007000051f0000)]
  0x00007f953c0db800 JavaThread "C2 CompilerThread2" daemon [_thread_blocked, id=22787, stack(0x0000700004fed000,0x00007000050ed000)]
  0x00007f953c0da800 JavaThread "C2 CompilerThread1" daemon [_thread_blocked, id=22531, stack(0x0000700004eea000,0x0000700004fea000)]
  0x00007f951c0c8800 JavaThread "C2 CompilerThread0" daemon [_thread_blocked, id=22019, stack(0x0000700004de7000,0x0000700004ee7000)]
  0x00007f953b010000 JavaThread "Monitor Ctrl-Break" daemon [_thread_in_native, id=21763, stack(0x0000700004ce4000,0x0000700004de4000)]
  0x00007f951c808800 JavaThread "Signal Dispatcher" daemon [_thread_blocked, id=15875, stack(0x0000700004be1000,0x0000700004ce1000)]
  0x00007f953f00d000 JavaThread "Finalizer" daemon [_thread_blocked, id=12547, stack(0x0000700004955000,0x0000700004a55000)]
  0x00007f953b84c800 JavaThread "Reference Handler" daemon [_thread_blocked, id=18435, stack(0x0000700004852000,0x0000700004952000)]
=>0x00007f953c016000 JavaThread "Client thread" [_thread_in_native, id=10499, stack(0x0000700003c2e000,0x0000700003d2e000)]

Other Threads:
  0x00007f953b84b800 VMThread [stack: 0x000070000474f000,0x000070000484f000] [id=18947]
  0x00007f951b012800 WatcherThread [stack: 0x00007000052f6000,0x00007000053f6000] [id=23555]

VM state:not at safepoint (normal execution)

VM Mutex/Monitor currently owned by a thread: None

heap address: 0x00000005c0000000, size: 8192 MB, Compressed Oops mode: Zero based, Oop shift amount: 3
Narrow klass base: 0x0000000000000000, Narrow klass shift: 3
Compressed class space size: 1073741824 Address: 0x00000007c0000000

Heap:
 PSYoungGen      total 496128K, used 223910K [0x0000000715580000, 0x0000000746400000, 0x00000007c0000000)
  eden space 454144K, 41% used [0x0000000715580000,0x0000000720bb4e38,0x0000000731100000)
  from space 41984K, 88% used [0x0000000731100000,0x0000000733574cc8,0x0000000733a00000)
  to   space 46080K, 0% used [0x0000000743700000,0x0000000743700000,0x0000000746400000)
 ParOldGen       total 219648K, used 37574K [0x00000005c0000000, 0x00000005cd680000, 0x0000000715580000)
  object space 219648K, 17% used [0x00000005c0000000,0x00000005c24b1898,0x00000005cd680000)
 Metaspace       used 36322K, capacity 36786K, committed 37120K, reserved 1081344K
  class space    used 4908K, capacity 5037K, committed 5120K, reserved 1048576K

Card table byte_map: [0x000000010e212000,0x000000010f213000] byte_map_base: 0x000000010b412000

Marking Bits: (ParMarkBitMap*) 0x000000010df41478
 Begin Bits: [0x0000000123d0e000, 0x000000012bd0e000)
 End Bits:   [0x000000012bd0e000, 0x0000000133d0e000)

Polling page: 0x00000001070f7000

CodeCache: size=245760Kb used=13553Kb max_used=13565Kb free=232206Kb
 bounds [0x0000000114d0e000, 0x0000000115a5e000, 0x0000000123d0e000]
 total_blobs=4243 nmethods=3690 adapters=466
 compilation: enabled

Compilation events (10 events):
Event: 8.592 Thread 0x00007f951c0c8800 nmethod 4316% 0x0000000115a3af50 code [0x0000000115a3b0e0, 0x0000000115a3b7d8]
Event: 8.596 Thread 0x00007f953d809000 4319       3       java.lang.reflect.Field::setFieldAccessor (34 bytes)
Event: 8.596 Thread 0x00007f953d809000 nmethod 4319 0x0000000115a3a910 code [0x0000000115a3aaa0, 0x0000000115a3ae28]
Event: 8.598 Thread 0x00007f953c0da800 nmethod 4318 0x0000000115a3cad0 code [0x0000000115a3cc60, 0x0000000115a3d498]
Event: 8.598 Thread 0x00007f953c0db800 4321       4       sun.nio.cs.UTF_8$Encoder::encodeArrayLoop (489 bytes)
Event: 8.600 Thread 0x00007f951c0c8800 4322       4       java.nio.Buffer::remaining (20 bytes)
Event: 8.600 Thread 0x00007f951c0c8800 nmethod 4322 0x0000000115a35550 code [0x0000000115a356a0, 0x0000000115a35718]
Event: 8.600 Thread 0x00007f951c0c8800 4323       4       java.nio.CharBuffer::arrayOffset (35 bytes)
Event: 8.601 Thread 0x00007f951c0c8800 nmethod 4323 0x0000000115a352d0 code [0x0000000115a35420, 0x0000000115a354b8]
Event: 8.603 Thread 0x00007f953c0db800 nmethod 4321 0x0000000115a3bf10 code [0x0000000115a3c080, 0x0000000115a3c578]

GC Heap History (10 events):
Event: 5.259 GC heap before
{Heap before GC invocations=7 (full 1):
 PSYoungGen      total 153088K, used 153078K [0x0000000715580000, 0x0000000728080000, 0x00000007c0000000)
  eden space 131584K, 100% used [0x0000000715580000,0x000000071d600000,0x000000071d600000)
  from space 21504K, 99% used [0x000000071d600000,0x000000071eafd818,0x000000071eb00000)
  to   space 21504K, 0% used [0x0000000726b80000,0x0000000726b80000,0x0000000728080000)
 ParOldGen       total 349696K, used 41454K [0x00000005c0000000, 0x00000005d5580000, 0x0000000715580000)
  object space 349696K, 11% used [0x00000005c0000000,0x00000005c287b990,0x00000005d5580000)
 Metaspace       used 23801K, capacity 24216K, committed 24320K, reserved 1071104K
  class space    used 2918K, capacity 3043K, committed 3072K, reserved 1048576K
Event: 5.268 GC heap after
Heap after GC invocations=7 (full 1):
 PSYoungGen      total 258560K, used 21484K [0x0000000715580000, 0x000000072b380000, 0x00000007c0000000)
  eden space 237056K, 0% used [0x0000000715580000,0x0000000715580000,0x0000000723d00000)
  from space 21504K, 99% used [0x0000000726b80000,0x000000072807b118,0x0000000728080000)
  to   space 47616K, 0% used [0x0000000723d00000,0x0000000723d00000,0x0000000726b80000)
 ParOldGen       total 349696K, used 42954K [0x00000005c0000000, 0x00000005d5580000, 0x0000000715580000)
  object space 349696K, 12% used [0x00000005c0000000,0x00000005c29f2888,0x00000005d5580000)
 Metaspace       used 23801K, capacity 24216K, committed 24320K, reserved 1071104K
  class space    used 2918K, capacity 3043K, committed 3072K, reserved 1048576K
}
Event: 5.346 GC heap before
{Heap before GC invocations=8 (full 1):
 PSYoungGen      total 258560K, used 50027K [0x0000000715580000, 0x000000072b380000, 0x00000007c0000000)
  eden space 237056K, 12% used [0x0000000715580000,0x000000071715fe78,0x0000000723d00000)
  from space 21504K, 99% used [0x0000000726b80000,0x000000072807b118,0x0000000728080000)
  to   space 47616K, 0% used [0x0000000723d00000,0x0000000723d00000,0x0000000726b80000)
 ParOldGen       total 349696K, used 42954K [0x00000005c0000000, 0x00000005d5580000, 0x0000000715580000)
  object space 349696K, 12% used [0x00000005c0000000,0x00000005c29f2888,0x00000005d5580000)
 Metaspace       used 24420K, capacity 24760K, committed 24960K, reserved 1071104K
  class space    used 2961K, capacity 3075K, committed 3200K, reserved 1048576K
Event: 5.355 GC heap after
Heap after GC invocations=8 (full 1):
 PSYoungGen      total 284672K, used 21271K [0x0000000715580000, 0x0000000737a80000, 0x00000007c0000000)
  eden space 237056K, 0% used [0x0000000715580000,0x0000000715580000,0x0000000723d00000)
  from space 47616K, 44% used [0x0000000723d00000,0x00000007251c5df0,0x0000000726b80000)
  to   space 44032K, 0% used [0x0000000734f80000,0x0000000734f80000,0x0000000737a80000)
 ParOldGen       total 349696K, used 42962K [0x00000005c0000000, 0x00000005d5580000, 0x0000000715580000)
  object space 349696K, 12% used [0x00000005c0000000,0x00000005c29f4888,0x00000005d5580000)
 Metaspace       used 24420K, capacity 24760K, committed 24960K, reserved 1071104K
  class space    used 2961K, capacity 3075K, committed 3200K, reserved 1048576K
}
Event: 5.355 GC heap before
{Heap before GC invocations=9 (full 2):
 PSYoungGen      total 284672K, used 21271K [0x0000000715580000, 0x0000000737a80000, 0x00000007c0000000)
  eden space 237056K, 0% used [0x0000000715580000,0x0000000715580000,0x0000000723d00000)
  from space 47616K, 44% used [0x0000000723d00000,0x00000007251c5df0,0x0000000726b80000)
  to   space 44032K, 0% used [0x0000000734f80000,0x0000000734f80000,0x0000000737a80000)
 ParOldGen       total 349696K, used 42962K [0x00000005c0000000, 0x00000005d5580000, 0x0000000715580000)
  object space 349696K, 12% used [0x00000005c0000000,0x00000005c29f4888,0x00000005d5580000)
 Metaspace       used 24420K, capacity 24760K, committed 24960K, reserved 1071104K
  class space    used 2961K, capacity 3075K, committed 3200K, reserved 1048576K
Event: 5.392 GC heap after
Heap after GC invocations=9 (full 2):
 PSYoungGen      total 284672K, used 0K [0x0000000715580000, 0x0000000737a80000, 0x00000007c0000000)
  eden space 237056K, 0% used [0x0000000715580000,0x0000000715580000,0x0000000723d00000)
  from space 47616K, 0% used [0x0000000723d00000,0x0000000723d00000,0x0000000726b80000)
  to   space 44032K, 0% used [0x0000000734f80000,0x0000000734f80000,0x0000000737a80000)
 ParOldGen       total 219648K, used 37558K [0x00000005c0000000, 0x00000005cd680000, 0x0000000715580000)
  object space 219648K, 17% used [0x00000005c0000000,0x00000005c24ad898,0x00000005cd680000)
 Metaspace       used 24420K, capacity 24760K, committed 24960K, reserved 1071104K
  class space    used 2961K, capacity 3075K, committed 3200K, reserved 1048576K
}
Event: 6.798 GC heap before
{Heap before GC invocations=10 (full 2):
 PSYoungGen      total 284672K, used 237056K [0x0000000715580000, 0x0000000737a80000, 0x00000007c0000000)
  eden space 237056K, 100% used [0x0000000715580000,0x0000000723d00000,0x0000000723d00000)
  from space 47616K, 0% used [0x0000000723d00000,0x0000000723d00000,0x0000000726b80000)
  to   space 44032K, 0% used [0x0000000734f80000,0x0000000734f80000,0x0000000737a80000)
 ParOldGen       total 219648K, used 37558K [0x00000005c0000000, 0x00000005cd680000, 0x0000000715580000)
  object space 219648K, 17% used [0x00000005c0000000,0x00000005c24ad898,0x00000005cd680000)
 Metaspace       used 28541K, capacity 28958K, committed 29312K, reserved 1075200K
  class space    used 3538K, capacity 3662K, committed 3712K, reserved 1048576K
Event: 6.809 GC heap after
Heap after GC invocations=10 (full 2):
 PSYoungGen      total 433664K, used 19861K [0x0000000715580000, 0x0000000736300000, 0x00000007c0000000)
  eden space 413696K, 0% used [0x0000000715580000,0x0000000715580000,0x000000072e980000)
  from space 19968K, 99% used [0x0000000734f80000,0x00000007362e55e8,0x0000000736300000)
  to   space 41984K, 0% used [0x0000000731100000,0x0000000731100000,0x0000000733a00000)
 ParOldGen       total 219648K, used 37566K [0x00000005c0000000, 0x00000005cd680000, 0x0000000715580000)
  object space 219648K, 17% used [0x00000005c0000000,0x00000005c24af898,0x00000005cd680000)
 Metaspace       used 28541K, capacity 28958K, committed 29312K, reserved 1075200K
  class space    used 3538K, capacity 3662K, committed 3712K, reserved 1048576K
}
Event: 7.956 GC heap before
{Heap before GC invocations=11 (full 2):
 PSYoungGen      total 433664K, used 433557K [0x0000000715580000, 0x0000000736300000, 0x00000007c0000000)
  eden space 413696K, 100% used [0x0000000715580000,0x000000072e980000,0x000000072e980000)
  from space 19968K, 99% used [0x0000000734f80000,0x00000007362e55e8,0x0000000736300000)
  to   space 41984K, 0% used [0x0000000731100000,0x0000000731100000,0x0000000733a00000)
 ParOldGen       total 219648K, used 37566K [0x00000005c0000000, 0x00000005cd680000, 0x0000000715580000)
  object space 219648K, 17% used [0x00000005c0000000,0x00000005c24af898,0x00000005cd680000)
 Metaspace       used 33390K, capacity 33758K, committed 33920K, reserved 1079296K
  class space    used 4554K, capacity 4686K, committed 4736K, reserved 1048576K
Event: 7.969 GC heap after
Heap after GC invocations=11 (full 2):
 PSYoungGen      total 496128K, used 37331K [0x0000000715580000, 0x0000000746400000, 0x00000007c0000000)
  eden space 454144K, 0% used [0x0000000715580000,0x0000000715580000,0x0000000731100000)
  from space 41984K, 88% used [0x0000000731100000,0x0000000733574cc8,0x0000000733a00000)
  to   space 46080K, 0% used [0x0000000743700000,0x0000000743700000,0x0000000746400000)
 ParOldGen       total 219648K, used 37574K [0x00000005c0000000, 0x00000005cd680000, 0x0000000715580000)
  object space 219648K, 17% used [0x00000005c0000000,0x00000005c24b1898,0x00000005cd680000)
 Metaspace       used 33390K, capacity 33758K, committed 33920K, reserved 1079296K
  class space    used 4554K, capacity 4686K, committed 4736K, reserved 1048576K
}

Deoptimization events (10 events):
Event: 8.264 Thread 0x00007f953c016000 Uncommon trap: reason=bimorphic action=maybe_recompile pc=0x0000000114f31784 method=java.util.regex.Pattern$5.isSatisfiedBy(I)Z @ 5
Event: 8.264 Thread 0x00007f953c016000 Uncommon trap: reason=bimorphic action=maybe_recompile pc=0x0000000114f31784 method=java.util.regex.Pattern$5.isSatisfiedBy(I)Z @ 5
Event: 8.264 Thread 0x00007f953c016000 Uncommon trap: reason=bimorphic action=maybe_recompile pc=0x0000000114e64868 method=java.util.regex.Pattern$5.isSatisfiedBy(I)Z @ 5
Event: 8.345 Thread 0x00007f953c016000 Uncommon trap: reason=bimorphic action=maybe_recompile pc=0x00000001150092f4 method=java.util.AbstractCollection.toArray()[Ljava/lang/Object; @ 1
Event: 8.345 Thread 0x00007f953c016000 Uncommon trap: reason=bimorphic action=maybe_recompile pc=0x00000001150092f4 method=java.util.AbstractCollection.toArray()[Ljava/lang/Object; @ 1
Event: 8.345 Thread 0x00007f953c016000 Uncommon trap: reason=bimorphic action=maybe_recompile pc=0x00000001150092f4 method=java.util.AbstractCollection.toArray()[Ljava/lang/Object; @ 1
Event: 8.345 Thread 0x00007f953c016000 Uncommon trap: reason=bimorphic action=maybe_recompile pc=0x00000001150092f4 method=java.util.AbstractCollection.toArray()[Ljava/lang/Object; @ 1
Event: 8.426 Thread 0x00007f953c016000 Uncommon trap: reason=unstable_if action=reinterpret pc=0x0000000115176854 method=java.util.IdentityHashMap.nextKeyIndex(II)I @ 4
Event: 8.520 Thread 0x00007f953c016000 Uncommon trap: reason=unstable_if action=reinterpret pc=0x00000001156075c4 method=com.google.common.base.Splitter$SplittingIterator.computeNext()Ljava/lang/String; @ 193
Event: 8.579 Thread 0x00007f953c016000 Uncommon trap: reason=predicate action=maybe_recompile pc=0x0000000115260dc0 method=java.lang.String.regionMatches(ZILjava/lang/String;II)Z @ 63

Classes redefined (0 events):
No events

Internal exceptions (10 events):
Event: 5.903 Thread 0x00007f953c016000 NullPointerException at vtable entry 0x000000011509cbd0
Event: 5.904 Thread 0x00007f953c016000 Exception <a 'java/lang/NullPointerException'> (0x000000071926a968) thrown at [/corretto/workspace/corretto8-repo/installers/mac/tar/corretto-build/buildRoot/src/hotspot/src/share/vm/runtime/sharedRuntime.cpp, line 609]
Event: 5.904 Thread 0x00007f953c016000 NullPointerException at vtable entry 0x000000011509cbd0
Event: 5.904 Thread 0x00007f953c016000 Exception <a 'java/lang/NullPointerException'> (0x0000000719279318) thrown at [/corretto/workspace/corretto8-repo/installers/mac/tar/corretto-build/buildRoot/src/hotspot/src/share/vm/runtime/sharedRuntime.cpp, line 609]
Event: 5.905 Thread 0x00007f953c016000 NullPointerException at vtable entry 0x000000011509cbd0
Event: 5.905 Thread 0x00007f953c016000 Exception <a 'java/lang/NullPointerException'> (0x0000000719287c20) thrown at [/corretto/workspace/corretto8-repo/installers/mac/tar/corretto-build/buildRoot/src/hotspot/src/share/vm/runtime/sharedRuntime.cpp, line 609]
Event: 6.051 Thread 0x00007f953c016000 Implicit null exception at 0x000000011505f575 to 0x000000011505f789
Event: 6.051 Thread 0x00007f953c016000 Implicit null exception at 0x000000011500616f to 0x00000001150061d9
Event: 6.322 Thread 0x00007f953c016000 Implicit null exception at 0x0000000114fad382 to 0x0000000114fb205d
Event: 8.128 Thread 0x00007f953c016000 Implicit null exception at 0x0000000115117c4c to 0x0000000115117c82

Events (10 events):
Event: 8.600 loading class org/lwjgl/opengl/ContextGL
Event: 8.600 loading class org/lwjgl/opengl/ContextGL done
Event: 8.601 loading class org/lwjgl/opengl/ContextImplementation
Event: 8.601 loading class org/lwjgl/opengl/ContextImplementation done
Event: 8.602 loading class org/lwjgl/opengl/MacOSXContextImplementation
Event: 8.602 loading class org/lwjgl/opengl/MacOSXContextImplementation done
Event: 8.603 loading class org/lwjgl/opengl/GLContext
Event: 8.603 loading class org/lwjgl/opengl/GLContext done
Event: 8.604 loading class org/lwjgl/opengl/GLContext$CapabilitiesCacheEntry
Event: 8.604 loading class org/lwjgl/opengl/GLContext$CapabilitiesCacheEntry done


Dynamic libraries:
0x00007fff3510d000 	/System/Library/Frameworks/Cocoa.framework/Versions/A/Cocoa
0x00007fff22332000 	/System/Library/Frameworks/Security.framework/Versions/A/Security
0x00007fff3330a000 	/System/Library/Frameworks/ApplicationServices.framework/Versions/A/ApplicationServices
0x00007fff2a5bb000 	/usr/lib/libz.1.dylib
0x00007fff2a683000 	/usr/lib/libSystem.B.dylib
0x00007fff204f8000 	/System/Library/Frameworks/CoreFoundation.framework/Versions/A/CoreFoundation
0x00007fff212a5000 	/System/Library/Frameworks/Foundation.framework/Versions/C/Foundation
0x00007fff20318000 	/usr/lib/libobjc.A.dylib
0x00007fff22d59000 	/System/Library/Frameworks/AppKit.framework/Versions/C/AppKit
0x00007fff25bf1000 	/System/Library/Frameworks/CoreData.framework/Versions/A/CoreData
0x00007fff23abc000 	/System/Library/PrivateFrameworks/UIFoundation.framework/Versions/A/UIFoundation
0x00007fff2fce9000 	/System/Library/PrivateFrameworks/RemoteViewServices.framework/Versions/A/RemoteViewServices
0x00007fff28ae2000 	/System/Library/PrivateFrameworks/XCTTargetBootstrap.framework/Versions/A/XCTTargetBootstrap
0x00007fff2b7c3000 	/usr/lib/libspindump.dylib
0x00007fff23d11000 	/System/Library/Frameworks/UniformTypeIdentifiers.framework/Versions/A/UniformTypeIdentifiers
0x00007fff272b8000 	/usr/lib/libapp_launch_measurement.dylib
0x00007fff272bb000 	/System/Library/PrivateFrameworks/CoreAutoLayout.framework/Versions/A/CoreAutoLayout
0x00007fff28444000 	/System/Library/Frameworks/Metal.framework/Versions/A/Metal
0x00007fff29134000 	/usr/lib/liblangid.dylib
0x00007fff28ae6000 	/System/Library/PrivateFrameworks/CoreSVG.framework/Versions/A/CoreSVG
0x00007fff24cf8000 	/System/Library/PrivateFrameworks/SkyLight.framework/Versions/A/SkyLight
0x00007fff2505f000 	/System/Library/Frameworks/CoreGraphics.framework/Versions/A/CoreGraphics
0x00007fff30340000 	/System/Library/Frameworks/Accelerate.framework/Versions/A/Accelerate
0x00007fff2b1fe000 	/System/Library/PrivateFrameworks/IconServices.framework/Versions/A/IconServices
0x00007fff28429000 	/System/Library/Frameworks/IOSurface.framework/Versions/A/IOSurface
0x00007fff2657a000 	/usr/lib/libDiagnosticMessagesClient.dylib
0x00007fff28ace000 	/System/Library/PrivateFrameworks/DFRFoundation.framework/Versions/A/DFRFoundation
0x00007fff22684000 	/usr/lib/libicucore.A.dylib
0x00007fff2cd0a000 	/System/Library/Frameworks/AudioToolbox.framework/Versions/A/AudioToolbox
0x00007fff2bfaf000 	/System/Library/PrivateFrameworks/DataDetectorsCore.framework/Versions/A/DataDetectorsCore
0x00007fff287ce000 	/System/Library/Frameworks/Carbon.framework/Versions/A/Frameworks/HIToolbox.framework/Versions/A/HIToolbox
0x00007fff26d13000 	/System/Library/Frameworks/QuartzCore.framework/Versions/A/QuartzCore
0x00007fff2fd25000 	/System/Library/Frameworks/Carbon.framework/Versions/A/Frameworks/SpeechRecognition.framework/Versions/A/SpeechRecognition
0x00007fff27020000 	/System/Library/PrivateFrameworks/CoreUI.framework/Versions/A/CoreUI
0x00007fff21c8d000 	/System/Library/Frameworks/CoreAudio.framework/Versions/A/CoreAudio
0x00007fff26665000 	/System/Library/Frameworks/DiskArbitration.framework/Versions/A/DiskArbitration
0x00007fff2bbbe000 	/System/Library/PrivateFrameworks/MultitouchSupport.framework/Versions/A/MultitouchSupport
0x00007fff2bfa6000 	/System/Library/PrivateFrameworks/InternationalSupport.framework/Versions/A/InternationalSupport
0x00007fff24c6c000 	/usr/lib/libenergytrace.dylib
0x00007fff22c52000 	/System/Library/Frameworks/IOKit.framework/Versions/A/IOKit
0x00007fff30072000 	/System/Library/Frameworks/CoreServices.framework/Versions/A/CoreServices
0x00007fff2724e000 	/System/Library/PrivateFrameworks/PerformanceAnalysis.framework/Versions/A/PerformanceAnalysis
0x00007fff6c9dc000 	/System/Library/Frameworks/OpenGL.framework/Versions/A/OpenGL
0x00007fff2c02b000 	/System/Library/PrivateFrameworks/UserActivity.framework/Versions/A/UserActivity
0x00007fff256f3000 	/System/Library/Frameworks/ColorSync.framework/Versions/A/ColorSync
0x00007fff28d4b000 	/System/Library/Frameworks/CoreImage.framework/Versions/A/CoreImage
0x00007fff21aa4000 	/System/Library/Frameworks/CoreText.framework/Versions/A/CoreText
0x00007fff28b10000 	/System/Library/Frameworks/ImageIO.framework/Versions/A/ImageIO
0x00007fff2a689000 	/System/Library/PrivateFrameworks/SoftLinking.framework/Versions/A/SoftLinking
0x00007fff27304000 	/usr/lib/libxml2.2.dylib
0x00007fff203dd000 	/usr/lib/libc++.1.dylib
0x00007fff2a8fb000 	/usr/lib/libcompression.dylib
0x00007fff24c6d000 	/usr/lib/libMobileGestalt.dylib
0x00007fff2bed9000 	/System/Library/PrivateFrameworks/TextureIO.framework/Versions/A/TextureIO
0x00007fff2af21000 	/usr/lib/libate.dylib
0x00007fff2a67d000 	/usr/lib/system/libcache.dylib
0x00007fff2a639000 	/usr/lib/system/libcommonCrypto.dylib
0x00007fff2a663000 	/usr/lib/system/libcompiler_rt.dylib
0x00007fff2a658000 	/usr/lib/system/libcopyfile.dylib
0x00007fff20206000 	/usr/lib/system/libcorecrypto.dylib
0x00007fff202d3000 	/usr/lib/system/libdispatch.dylib
0x00007fff20487000 	/usr/lib/system/libdyld.dylib
0x00007fff2a674000 	/usr/lib/system/libkeymgr.dylib
0x00007fff2dabc000 	/usr/lib/system/liblaunch.dylib
0x00007fff2a617000 	/usr/lib/system/libmacho.dylib
0x00007fff29e31000 	/usr/lib/system/libquarantine.dylib
0x00007fff2a671000 	/usr/lib/system/libremovefile.dylib
0x00007fff24cc9000 	/usr/lib/system/libsystem_asl.dylib
0x00007fff201b6000 	/usr/lib/system/libsystem_blocks.dylib
0x00007fff20354000 	/usr/lib/system/libsystem_c.dylib
0x00007fff2a66b000 	/usr/lib/system/libsystem_collections.dylib
0x00007fff29125000 	/usr/lib/system/libsystem_configuration.dylib
0x00007fff28418000 	/usr/lib/system/libsystem_containermanager.dylib
0x00007fff2a3b3000 	/usr/lib/system/libsystem_coreservices.dylib
0x00007fff228e6000 	/usr/lib/system/libsystem_darwin.dylib
0x00007fff2a675000 	/usr/lib/system/libsystem_dnssd.dylib
0x00007fff20351000 	/usr/lib/system/libsystem_featureflags.dylib
0x00007fff204cc000 	/usr/lib/system/libsystem_info.dylib
0x00007fff2a5ce000 	/usr/lib/system/libsystem_m.dylib
0x00007fff202a6000 	/usr/lib/system/libsystem_malloc.dylib
0x00007fff24c5d000 	/usr/lib/system/libsystem_networkextension.dylib
0x00007fff22d01000 	/usr/lib/system/libsystem_notify.dylib
0x00007fff2ff70000 	/usr/lib/system/libsystem_product_info_filter.dylib
0x00007fff29129000 	/usr/lib/system/libsystem_sandbox.dylib
0x00007fff2a66e000 	/usr/lib/system/libsystem_secinit.dylib
0x00007fff2044c000 	/usr/lib/system/libsystem_kernel.dylib
0x00007fff204c2000 	/usr/lib/system/libsystem_platform.dylib
0x00007fff2047b000 	/usr/lib/system/libsystem_pthread.dylib
0x00007fff263c8000 	/usr/lib/system/libsystem_symptoms.dylib
0x00007fff201ee000 	/usr/lib/system/libsystem_trace.dylib
0x00007fff2a645000 	/usr/lib/system/libunwind.dylib
0x00007fff201b8000 	/usr/lib/system/libxpc.dylib
0x00007fff20433000 	/usr/lib/libc++abi.dylib
0x00007fff2a650000 	/usr/lib/liboah.dylib
0x00007fff2ad06000 	/usr/lib/liblzma.5.dylib
0x00007fff20fb9000 	/System/Library/Frameworks/SystemConfiguration.framework/Versions/A/SystemConfiguration
0x00007fff2a685000 	/usr/lib/libfakelink.dylib
0x00007fff247bf000 	/System/Library/Frameworks/CFNetwork.framework/Versions/A/CFNetwork
0x00007fff2a7c5000 	/usr/lib/libarchive.2.dylib
0x00007fff21037000 	/usr/lib/libCRFSuite.dylib
0x00007fff29e58000 	/usr/lib/libbsm.0.dylib
0x00007fff2417b000 	/usr/lib/libnetwork.dylib
0x00007fff2a68a000 	/usr/lib/libpcap.A.dylib
0x00007fff263c1000 	/usr/lib/libdns_services.dylib
0x00007fff2ad1f000 	/usr/lib/libcoretls_cfhelpers.dylib
0x00007fff2a8c9000 	/usr/lib/libapple_nghttp2.dylib
0x00007fff2a61d000 	/usr/lib/system/libkxld.dylib
0x00007fff26027000 	/usr/lib/libsqlite3.dylib
0x00007fff2a395000 	/System/Library/PrivateFrameworks/AppleFSCompression.framework/Versions/A/AppleFSCompression
0x00007fff29e40000 	/usr/lib/libcoretls.dylib
0x00007fff2a8f6000 	/usr/lib/libpam.2.dylib
0x00007fff2ae1c000 	/usr/lib/libxar.1.dylib
0x00007fff29130000 	/System/Library/PrivateFrameworks/AppleSystemInfo.framework/Versions/A/AppleSystemInfo
0x00007fff29a83000 	/System/Library/PrivateFrameworks/IOMobileFramebuffer.framework/Versions/A/IOMobileFramebuffer
0x00007fff2a3a5000 	/usr/lib/libbz2.1.0.dylib
0x00007fff2a6c2000 	/usr/lib/libiconv.2.dylib
0x00007fff2a616000 	/usr/lib/libcharset.1.dylib
0x00007fff2728a000 	/System/Library/Frameworks/CoreServices.framework/Versions/A/Frameworks/FSEvents.framework/Versions/A/FSEvents
0x00007fff228f0000 	/System/Library/Frameworks/CoreServices.framework/Versions/A/Frameworks/CarbonCore.framework/Versions/A/CarbonCore
0x00007fff265ca000 	/System/Library/Frameworks/CoreServices.framework/Versions/A/Frameworks/Metadata.framework/Versions/A/Metadata
0x00007fff2a3b8000 	/System/Library/Frameworks/CoreServices.framework/Versions/A/Frameworks/OSServices.framework/Versions/A/OSServices
0x00007fff2a837000 	/System/Library/Frameworks/CoreServices.framework/Versions/A/Frameworks/SearchKit.framework/Versions/A/SearchKit
0x00007fff2634b000 	/System/Library/Frameworks/CoreServices.framework/Versions/A/Frameworks/AE.framework/Versions/A/AE
0x00007fff20994000 	/System/Library/Frameworks/CoreServices.framework/Versions/A/Frameworks/LaunchServices.framework/Versions/A/LaunchServices
0x00007fff2acb7000 	/System/Library/Frameworks/CoreServices.framework/Versions/A/Frameworks/DictionaryServices.framework/Versions/A/DictionaryServices
0x00007fff27293000 	/System/Library/Frameworks/CoreServices.framework/Versions/A/Frameworks/SharedFileList.framework/Versions/A/SharedFileList
0x00007fff29e34000 	/usr/lib/libCheckFix.dylib
0x00007fff24ce0000 	/System/Library/PrivateFrameworks/TCC.framework/Versions/A/TCC
0x00007fff29136000 	/System/Library/PrivateFrameworks/CoreNLP.framework/Versions/A/CoreNLP
0x00007fff2657d000 	/System/Library/PrivateFrameworks/MetadataUtilities.framework/Versions/A/MetadataUtilities
0x00007fff2106d000 	/usr/lib/libmecabra.dylib
0x00007fff2a147000 	/System/Library/Frameworks/MLCompute.framework/Versions/A/MLCompute
0x00007fff29e69000 	/usr/lib/libmecab.dylib
0x00007fff29eb3000 	/usr/lib/libgermantok.dylib
0x00007fff2a89f000 	/usr/lib/libThaiTokenizer.dylib
0x00007fff2ae57000 	/usr/lib/libChineseTokenizer.dylib
0x00007fff2a8f4000 	/System/Library/Frameworks/MetalPerformanceShaders.framework/Versions/A/MetalPerformanceShaders
0x00007fff2666c000 	/System/Library/Frameworks/Accelerate.framework/Versions/A/Frameworks/vImage.framework/Versions/A/vImage
0x00007fff3004b000 	/System/Library/Frameworks/Accelerate.framework/Versions/A/Frameworks/vecLib.framework/Versions/A/vecLib
0x00007fff2ae62000 	/System/Library/Frameworks/Accelerate.framework/Versions/A/Frameworks/vecLib.framework/Versions/A/libvMisc.dylib
0x00007fff2989c000 	/System/Library/Frameworks/Accelerate.framework/Versions/A/Frameworks/vecLib.framework/Versions/A/libvDSP.dylib
0x00007fff20c98000 	/System/Library/Frameworks/Accelerate.framework/Versions/A/Frameworks/vecLib.framework/Versions/A/libBLAS.dylib
0x00007fff2a91a000 	/System/Library/Frameworks/Accelerate.framework/Versions/A/Frameworks/vecLib.framework/Versions/A/libLAPACK.dylib
0x00007fff29eb9000 	/System/Library/Frameworks/Accelerate.framework/Versions/A/Frameworks/vecLib.framework/Versions/A/libLinearAlgebra.dylib
0x00007fff2a8e1000 	/System/Library/Frameworks/Accelerate.framework/Versions/A/Frameworks/vecLib.framework/Versions/A/libSparseBLAS.dylib
0x00007fff2a914000 	/System/Library/Frameworks/Accelerate.framework/Versions/A/Frameworks/vecLib.framework/Versions/A/libQuadrature.dylib
0x00007fff291de000 	/System/Library/Frameworks/Accelerate.framework/Versions/A/Frameworks/vecLib.framework/Versions/A/libBNNS.dylib
0x00007fff20f4a000 	/System/Library/Frameworks/Accelerate.framework/Versions/A/Frameworks/vecLib.framework/Versions/A/libSparse.dylib
0x00007fff290c9000 	/System/Library/Frameworks/MetalPerformanceShaders.framework/Versions/A/Frameworks/MPSCore.framework/Versions/A/MPSCore
0x00007fff2a304000 	/System/Library/Frameworks/MetalPerformanceShaders.framework/Versions/A/Frameworks/MPSImage.framework/Versions/A/MPSImage
0x00007fff29ecf000 	/System/Library/Frameworks/MetalPerformanceShaders.framework/Versions/A/Frameworks/MPSNeuralNetwork.framework/Versions/A/MPSNeuralNetwork
0x00007fff2a28f000 	/System/Library/Frameworks/MetalPerformanceShaders.framework/Versions/A/Frameworks/MPSMatrix.framework/Versions/A/MPSMatrix
0x00007fff2a0f7000 	/System/Library/Frameworks/MetalPerformanceShaders.framework/Versions/A/Frameworks/MPSRayIntersector.framework/Versions/A/MPSRayIntersector
0x00007fff2a2c6000 	/System/Library/Frameworks/MetalPerformanceShaders.framework/Versions/A/Frameworks/MPSNDArray.framework/Versions/A/MPSNDArray
0x00007fff20bc4000 	/System/Library/PrivateFrameworks/MetalTools.framework/Versions/A/MetalTools
0x00007fff2912e000 	/System/Library/PrivateFrameworks/AggregateDictionary.framework/Versions/A/AggregateDictionary
0x00007fff26555000 	/System/Library/PrivateFrameworks/CoreAnalytics.framework/Versions/A/CoreAnalytics
0x00007fff2a8a1000 	/System/Library/PrivateFrameworks/AppleSauce.framework/Versions/A/AppleSauce
0x00007fff2843b000 	/System/Library/PrivateFrameworks/IOAccelerator.framework/Versions/A/IOAccelerator
0x00007fff6c9d0000 	/System/Library/Frameworks/OpenGL.framework/Versions/A/Libraries/libCoreFSCache.dylib
0x00007fff21609000 	/System/Library/PrivateFrameworks/LanguageModeling.framework/Versions/A/LanguageModeling
0x00007fff29a70000 	/System/Library/PrivateFrameworks/CoreEmoji.framework/Versions/A/CoreEmoji
0x00007fff291d7000 	/System/Library/PrivateFrameworks/LinguisticData.framework/Versions/A/LinguisticData
0x00007fff20efc000 	/System/Library/PrivateFrameworks/Lexicon.framework/Versions/A/Lexicon
0x00007fff2a7b3000 	/usr/lib/libcmph.dylib
0x00007fff2726a000 	/System/Library/Frameworks/OpenDirectory.framework/Versions/A/Frameworks/CFOpenDirectory.framework/Versions/A/CFOpenDirectory
0x00007fff2725a000 	/System/Library/Frameworks/OpenDirectory.framework/Versions/A/OpenDirectory
0x00007fff2ad21000 	/System/Library/PrivateFrameworks/APFS.framework/Versions/A/APFS
0x00007fff29d95000 	/System/Library/Frameworks/SecurityFoundation.framework/Versions/A/SecurityFoundation
0x00007fff2ae2a000 	/usr/lib/libutil.dylib
0x00007fff22c17000 	/System/Library/PrivateFrameworks/CoreServicesStore.framework/Versions/A/CoreServicesStore
0x00007fff29e2c000 	/System/Library/Frameworks/ServiceManagement.framework/Versions/A/ServiceManagement
0x00007fff2ae2e000 	/usr/lib/libxslt.1.dylib
0x00007fff29e22000 	/System/Library/PrivateFrameworks/BackgroundTaskManagement.framework/Versions/A/BackgroundTaskManagement
0x00007fff2be23000 	/System/Library/Frameworks/ImageIO.framework/Versions/A/Resources/libRadiance.dylib
0x00007fff2be2d000 	/System/Library/Frameworks/ImageIO.framework/Versions/A/Resources/libJPEG.dylib
0x00007fff2bd78000 	/System/Library/Frameworks/ImageIO.framework/Versions/A/Resources/libPng.dylib
0x00007fff2bd9f000 	/System/Library/Frameworks/ImageIO.framework/Versions/A/Resources/libTIFF.dylib
0x00007fff2be82000 	/System/Library/Frameworks/ImageIO.framework/Versions/A/Resources/libGIF.dylib
0x00007fff2badb000 	/System/Library/Frameworks/ImageIO.framework/Versions/A/Resources/libJP2.dylib
0x00007fff2b1c5000 	/usr/lib/libexpat.1.dylib
0x00007fff2ba90000 	/System/Library/PrivateFrameworks/AppleJPEG.framework/Versions/A/AppleJPEG
0x00007fff28671000 	/System/Library/PrivateFrameworks/FontServices.framework/libFontParser.dylib
0x00007fff262ff000 	/System/Library/PrivateFrameworks/RunningBoardServices.framework/Versions/A/RunningBoardServices
0x00007fff2bbba000 	/System/Library/PrivateFrameworks/WatchdogClient.framework/Versions/A/WatchdogClient
0x00007fff216f6000 	/System/Library/Frameworks/CoreDisplay.framework/Versions/A/CoreDisplay
0x00007fff28587000 	/System/Library/Frameworks/CoreMedia.framework/Versions/A/CoreMedia
0x00007fff273e7000 	/System/Library/Frameworks/CoreVideo.framework/Versions/A/CoreVideo
0x00007fff2bbf2000 	/System/Library/Frameworks/VideoToolbox.framework/Versions/A/VideoToolbox
0x00007fff2627d000 	/System/Library/PrivateFrameworks/BaseBoard.framework/Versions/A/BaseBoard
0x00007fff2b30a000 	/System/Library/PrivateFrameworks/PersistentConnection.framework/Versions/A/PersistentConnection
0x00007fff26010000 	/System/Library/PrivateFrameworks/ProtocolBuffer.framework/Versions/A/ProtocolBuffer
0x00007fff26264000 	/System/Library/PrivateFrameworks/CommonUtilities.framework/Versions/A/CommonUtilities
0x00007fff2ba25000 	/System/Library/PrivateFrameworks/Bom.framework/Versions/A/Bom
0x00007fff2be1c000 	/System/Library/PrivateFrameworks/GPUWrangler.framework/Versions/A/GPUWrangler
0x00007fff2bdff000 	/System/Library/PrivateFrameworks/IOPresentment.framework/Versions/A/IOPresentment
0x00007fff2be27000 	/System/Library/PrivateFrameworks/DSExternalDisplay.framework/Versions/A/DSExternalDisplay
0x00007fff2be87000 	/System/Library/PrivateFrameworks/CMCaptureCore.framework/Versions/A/CMCaptureCore
0x00007fff2b7aa000 	/System/Library/PrivateFrameworks/AppServerSupport.framework/Versions/A/AppServerSupport
0x00007fff2d85b000 	/System/Library/PrivateFrameworks/perfdata.framework/Versions/A/perfdata
0x00007fff29d84000 	/System/Library/PrivateFrameworks/AssertionServices.framework/Versions/A/AssertionServices
0x00007fff2182d000 	/System/Library/PrivateFrameworks/AudioToolboxCore.framework/Versions/A/AudioToolboxCore
0x00007fff2856a000 	/System/Library/PrivateFrameworks/caulk.framework/Versions/A/caulk
0x00007fff3d506000 	/System/Library/PrivateFrameworks/SystemPolicy.framework/Versions/A/SystemPolicy
0x00007fff2afba000 	/usr/lib/libIOReport.dylib
0x00007fff2d07d000 	/usr/lib/libSMC.dylib
0x00007fff2bd45000 	/usr/lib/libAudioToolboxUtility.dylib
0x00007fff3de70000 	/usr/lib/libmis.dylib
0x00007fff6ca2c000 	/System/Library/Frameworks/OpenGL.framework/Versions/A/Libraries/libGLU.dylib
0x00007fff6c9ef000 	/System/Library/Frameworks/OpenGL.framework/Versions/A/Libraries/libGFXShared.dylib
0x00007fff6cbfe000 	/System/Library/Frameworks/OpenGL.framework/Versions/A/Libraries/libGL.dylib
0x00007fff6c9f8000 	/System/Library/Frameworks/OpenGL.framework/Versions/A/Libraries/libGLImage.dylib
0x00007fff6c9ec000 	/System/Library/Frameworks/OpenGL.framework/Versions/A/Libraries/libCVMSPluginSupport.dylib
0x00007fff6c9d7000 	/System/Library/Frameworks/OpenGL.framework/Versions/A/Libraries/libCoreVMClient.dylib
0x00007fff6e03f000 	/System/Library/Frameworks/OpenCL.framework/Versions/A/OpenCL
0x00007fff2b334000 	/System/Library/PrivateFrameworks/GraphVisualizer.framework/Versions/A/GraphVisualizer
0x00007fff2b343000 	/System/Library/PrivateFrameworks/FaceCore.framework/Versions/A/FaceCore
0x00007fff2b75f000 	/System/Library/PrivateFrameworks/OTSVG.framework/Versions/A/OTSVG
0x00007fff26fde000 	/System/Library/Frameworks/ApplicationServices.framework/Versions/A/Frameworks/ATS.framework/Versions/A/Resources/libFontRegistry.dylib
0x00007fff2b7b1000 	/System/Library/PrivateFrameworks/FontServices.framework/libhvf.dylib
0x00007fff2b171000 	/System/Library/PrivateFrameworks/AppleVA.framework/Versions/A/AppleVA
0x00007fff2cec6000 	/System/Library/Frameworks/ApplicationServices.framework/Versions/A/Frameworks/ATS.framework/Versions/A/ATS
0x00007fff2d1d8000 	/System/Library/Frameworks/ApplicationServices.framework/Versions/A/Frameworks/ColorSyncLegacy.framework/Versions/A/ColorSyncLegacy
0x00007fff257ea000 	/System/Library/Frameworks/ApplicationServices.framework/Versions/A/Frameworks/HIServices.framework/Versions/A/HIServices
0x00007fff2d1bd000 	/System/Library/Frameworks/ApplicationServices.framework/Versions/A/Frameworks/LangAnalysis.framework/Versions/A/LangAnalysis
0x00007fff2be91000 	/System/Library/Frameworks/ApplicationServices.framework/Versions/A/Frameworks/PrintCore.framework/Versions/A/PrintCore
0x00007fff2d1e0000 	/System/Library/Frameworks/ApplicationServices.framework/Versions/A/Frameworks/QD.framework/Versions/A/QD
0x00007fff2ceb6000 	/System/Library/Frameworks/ApplicationServices.framework/Versions/A/Frameworks/SpeechSynthesis.framework/Versions/A/SpeechSynthesis
0x00007fff2be52000 	/System/Library/Frameworks/ApplicationServices.framework/Versions/A/Frameworks/ATSUI.framework/Versions/A/ATSUI
0x00007fff2d15d000 	/usr/lib/libcups.2.dylib
0x00007fff2d1cd000 	/System/Library/PrivateFrameworks/NetAuth.framework/Versions/A/NetAuth
0x00007fff2d877000 	/System/Library/Frameworks/Kerberos.framework/Versions/A/Kerberos
0x00007fff2d887000 	/System/Library/Frameworks/GSS.framework/Versions/A/GSS
0x00007fff2cf32000 	/usr/lib/libresolv.9.dylib
0x00007fff2b7c6000 	/System/Library/PrivateFrameworks/Heimdal.framework/Versions/A/Heimdal
0x00007fff3360b000 	/System/Library/Frameworks/Kerberos.framework/Versions/A/Libraries/libHeimdalProxy.dylib
0x00007fff263d0000 	/System/Library/Frameworks/Network.framework/Versions/A/Network
0x00007fff2b1df000 	/usr/lib/libheimdal-asn1.dylib
0x00007fff2d8d7000 	/System/Library/PrivateFrameworks/CommonAuth.framework/Versions/A/CommonAuth
0x00007fff27434000 	/System/Library/PrivateFrameworks/login.framework/Versions/A/Frameworks/loginsupport.framework/Versions/A/loginsupport
0x00007fff2ce3b000 	/System/Library/PrivateFrameworks/AudioSession.framework/Versions/A/AudioSession
0x00007fff2cea3000 	/usr/lib/libAudioStatistics.dylib
0x00007fff2b26c000 	/System/Library/PrivateFrameworks/MediaExperience.framework/Versions/A/MediaExperience
0x00007fff2ccd8000 	/System/Library/PrivateFrameworks/AudioSession.framework/libSessionUtility.dylib
0x00007fff2d868000 	/usr/lib/libperfcheck.dylib
0x00007fff2d1ec000 	/System/Library/PrivateFrameworks/AudioResourceArbitration.framework/Versions/A/AudioResourceArbitration
0x00007fff2b1e9000 	/System/Library/PrivateFrameworks/IconFoundation.framework/Versions/A/IconFoundation
0x00007fff2fd15000 	/System/Library/PrivateFrameworks/SpeechRecognitionCore.framework/Versions/A/SpeechRecognitionCore
0x000000010d800000 	/Users/benjamin/Library/Java/JavaVirtualMachines/corretto-1.8.0_282/Contents/Home/jre/lib/server/libjvm.dylib
0x00000001070af000 	/Users/benjamin/Library/Java/JavaVirtualMachines/corretto-1.8.0_282/Contents/Home/jre/lib/libverify.dylib
0x00000001070c1000 	/Users/benjamin/Library/Java/JavaVirtualMachines/corretto-1.8.0_282/Contents/Home/jre/lib/libjava.dylib
0x00000001070f8000 	/Users/benjamin/Library/Java/JavaVirtualMachines/corretto-1.8.0_282/Contents/Home/jre/lib/libinstrument.dylib
0x000000010715e000 	/Users/benjamin/Library/Java/JavaVirtualMachines/corretto-1.8.0_282/Contents/Home/jre/lib/libzip.dylib
0x000000011390e000 	/Users/benjamin/Library/Java/JavaVirtualMachines/corretto-1.8.0_282/Contents/Home/jre/lib/libnio.dylib
0x0000000113921000 	/Users/benjamin/Library/Java/JavaVirtualMachines/corretto-1.8.0_282/Contents/Home/jre/lib/libnet.dylib
0x0000000113942000 	/Users/benjamin/Library/Java/JavaVirtualMachines/corretto-1.8.0_282/Contents/Home/jre/lib/libmanagement.dylib
0x000000011417e000 	/private/var/folders/88/glf__2v94hx7vzdls04cx1zc0000gn/T/jna-1690377232/jna2326024154214890929.tmp
0x00007fff6f880000 	/System/Library/Frameworks/JavaVM.framework/Versions/A/JavaVM
0x0000000114795000 	/Users/benjamin/Library/Java/JavaVirtualMachines/corretto-1.8.0_282/Contents/Home/jre/lib/libawt.dylib
0x0000000114837000 	/Users/benjamin/Library/Java/JavaVirtualMachines/corretto-1.8.0_282/Contents/Home/jre/lib/libmlib_image.dylib
0x00007fff6f86c000 	/System/Library/Frameworks/JavaNativeFoundation.framework/Versions/A/JavaNativeFoundation
0x00007fff6f878000 	/System/Library/Frameworks/JavaRuntimeSupport.framework/Versions/A/JavaRuntimeSupport
0x00007fff3d27e000 	/System/Library/Frameworks/Carbon.framework/Versions/A/Carbon
0x00007fff31cdf000 	/System/Library/PrivateFrameworks/CoreSymbolication.framework/Versions/A/CoreSymbolication
0x00007fff36578000 	/System/Library/Frameworks/Carbon.framework/Versions/A/Frameworks/CommonPanels.framework/Versions/A/CommonPanels
0x00007fff330c5000 	/System/Library/Frameworks/Carbon.framework/Versions/A/Frameworks/Help.framework/Versions/A/Help
0x00007fff3657c000 	/System/Library/Frameworks/Carbon.framework/Versions/A/Frameworks/ImageCapture.framework/Versions/A/ImageCapture
0x00007fff36554000 	/System/Library/Frameworks/Carbon.framework/Versions/A/Frameworks/OpenScripting.framework/Versions/A/OpenScripting
0x00007fff36574000 	/System/Library/Frameworks/Carbon.framework/Versions/A/Frameworks/Ink.framework/Versions/A/Ink
0x00007fff3d27a000 	/System/Library/Frameworks/Carbon.framework/Versions/A/Frameworks/Print.framework/Versions/A/Print
0x00007fff36570000 	/System/Library/Frameworks/Carbon.framework/Versions/A/Frameworks/SecurityHI.framework/Versions/A/SecurityHI
0x00007fff31ca2000 	/System/Library/PrivateFrameworks/DebugSymbols.framework/Versions/A/DebugSymbols
0x0000000114906000 	/Users/benjamin/Library/Java/JavaVirtualMachines/corretto-1.8.0_282/Contents/Home/jre/lib/libawt_lwawt.dylib
0x00000001149b8000 	/Users/benjamin/Library/Java/JavaVirtualMachines/corretto-1.8.0_282/Contents/Home/jre/lib/libosxapp.dylib
0x00007fff3c63e000 	/System/Library/Frameworks/ExceptionHandling.framework/Versions/A/ExceptionHandling
0x00007fff22bd8000 	/System/Library/PrivateFrameworks/CoreServicesInternal.framework/Versions/A/CoreServicesInternal
0x00007fff311fb000 	/System/Library/Frameworks/FileProvider.framework/Versions/A/FileProvider
0x00007fff261e7000 	/System/Library/Frameworks/Accounts.framework/Versions/A/Accounts
0x00007fff3131c000 	/System/Library/PrivateFrameworks/GenerationalStorage.framework/Versions/A/GenerationalStorage
0x00007fff30c1a000 	/System/Library/PrivateFrameworks/SymptomDiagnosticReporter.framework/Versions/A/SymptomDiagnosticReporter
0x00007fff2e520000 	/System/Library/PrivateFrameworks/AppContainer.framework/Versions/A/AppContainer
0x00007fff23d24000 	/System/Library/PrivateFrameworks/DesktopServicesPriv.framework/Versions/A/DesktopServicesPriv
0x00007fff22d0d000 	/usr/lib/libsandbox.1.dylib
0x00007fff27460000 	/System/Library/PrivateFrameworks/UserManagement.framework/Versions/A/UserManagement
0x00007fff29d61000 	/System/Library/PrivateFrameworks/MobileKeyBag.framework/Versions/A/MobileKeyBag
0x00007fff34675000 	/System/Library/PrivateFrameworks/ChunkingLibrary.framework/Versions/A/ChunkingLibrary
0x00007fff2e535000 	/System/Library/PrivateFrameworks/SecCodeWrapper.framework/Versions/A/SecCodeWrapper
0x00007fff2afc2000 	/System/Library/PrivateFrameworks/CrashReporterSupport.framework/Versions/A/CrashReporterSupport
0x00007fff483f9000 	/System/Library/PrivateFrameworks/OSAnalytics.framework/Versions/A/OSAnalytics
0x00007fff78204000 	/usr/lib/libRosetta.dylib
0x00007fff33056000 	/System/Library/PrivateFrameworks/RemoteServiceDiscovery.framework/Versions/A/RemoteServiceDiscovery
0x00007fff523d1000 	/System/Library/PrivateFrameworks/Symbolication.framework/Versions/A/Symbolication
0x00007fff33066000 	/System/Library/PrivateFrameworks/RemoteXPC.framework/Versions/A/RemoteXPC
0x00007fff39571000 	/System/Library/PrivateFrameworks/OSAServicesClient.framework/Versions/A/OSAServicesClient
0x00007fff3de4f000 	/System/Library/PrivateFrameworks/MallocStackLogging.framework/Versions/A/MallocStackLogging
0x00007fff2e2b7000 	/System/Library/PrivateFrameworks/Sharing.framework/Versions/A/Sharing
0x00007fff32c33000 	/System/Library/PrivateFrameworks/Apple80211.framework/Versions/A/Apple80211
0x00007fff2a3e6000 	/System/Library/PrivateFrameworks/AuthKit.framework/Versions/A/AuthKit
0x00007fff29b61000 	/System/Library/PrivateFrameworks/CoreUtils.framework/Versions/A/CoreUtils
0x00007fff29a8e000 	/System/Library/Frameworks/CoreWLAN.framework/Versions/A/CoreWLAN
0x00007fff2e3ff000 	/System/Library/Frameworks/IOBluetooth.framework/Versions/A/IOBluetooth
0x00007fff32c97000 	/System/Library/PrivateFrameworks/CoreWiFi.framework/Versions/A/CoreWiFi
0x00007fff2d95f000 	/System/Library/PrivateFrameworks/CorePhoneNumbers.framework/Versions/A/CorePhoneNumbers
0x00007fff30d22000 	/System/Library/PrivateFrameworks/DiskManagement.framework/Versions/A/DiskManagement
0x00007fff30c38000 	/System/Library/PrivateFrameworks/AppleIDAuthSupport.framework/Versions/A/AppleIDAuthSupport
0x00007fff2d93c000 	/System/Library/PrivateFrameworks/KeychainCircle.framework/Versions/A/KeychainCircle
0x00007fff30cee000 	/System/Library/PrivateFrameworks/MediaKit.framework/Versions/A/MediaKit
0x00007fff30c45000 	/System/Library/Frameworks/DiscRecording.framework/Versions/A/DiscRecording
0x00007fff2b0e5000 	/usr/lib/libCoreStorage.dylib
0x00007fff330d1000 	/usr/lib/libcsfde.dylib
0x00007fff2e539000 	/System/Library/PrivateFrameworks/ProtectedCloudStorage.framework/Versions/A/ProtectedCloudStorage
0x00007fff330c9000 	/System/Library/PrivateFrameworks/EFILogin.framework/Versions/A/EFILogin
0x00007fff336be000 	/System/Library/Frameworks/AudioUnit.framework/Versions/A/AudioUnit
0x00007fff30bb7000 	/System/Library/Frameworks/CoreBluetooth.framework/Versions/A/CoreBluetooth
0x00007fff2b0dd000 	/usr/lib/libMatch.1.dylib
0x00007fff4408a000 	/System/Library/CoreServices/RawCamera.bundle/Contents/MacOS/RawCamera
0x00007fff2d8e8000 	/System/Library/PrivateFrameworks/MobileAsset.framework/Versions/A/MobileAsset
0x00007fff336e3000 	/System/Library/PrivateFrameworks/StreamingZip.framework/Versions/A/StreamingZip
0x00007fff2c08a000 	/System/Library/Frameworks/MediaToolbox.framework/Versions/A/MediaToolbox
0x00007fff311cd000 	/System/Library/PrivateFrameworks/CoreAVCHD.framework/Versions/A/CoreAVCHD
0x00007fff30381000 	/System/Library/Frameworks/MediaAccessibility.framework/Versions/A/MediaAccessibility
0x00007fff311c9000 	/System/Library/PrivateFrameworks/Mangrove.framework/Versions/A/Mangrove
0x00007fff3038d000 	/System/Library/PrivateFrameworks/AlgosScoreFramework.framework/Versions/A/AlgosScoreFramework
0x00007fff31b92000 	/System/Library/PrivateFrameworks/AppleVPA.framework/Versions/A/AppleVPA
0x00007fff30e0e000 	/System/Library/PrivateFrameworks/CoreAUC.framework/Versions/A/CoreAUC
0x00007fff41a7c000 	/System/Library/Frameworks/Accelerate.framework/Versions/A/Frameworks/vImage.framework/Versions/A/Libraries/libCGInterfaces.dylib
0x0000000114b90000 	/usr/lib/libobjc-trampolines.dylib
0x00007fff27162000 	/System/Library/PrivateFrameworks/ViewBridge.framework/Versions/A/ViewBridge
0x00007fff2b887000 	/System/Library/PrivateFrameworks/login.framework/Versions/A/login
0x0000000138a16000 	/Users/benjamin/Library/Java/JavaVirtualMachines/corretto-1.8.0_282/Contents/Home/jre/lib/libfontmanager.dylib
0x0000000138a7a000 	/Users/benjamin/Library/Java/JavaVirtualMachines/corretto-1.8.0_282/Contents/Home/jre/lib/libfreetype.dylib.6
0x0000000138b59000 	/Users/benjamin/.gradle/caches/minecraft/net/minecraft/natives/1.12.2/liblwjgl.dylib
0x0000000136e65000 	/Users/benjamin/Library/Java/JavaVirtualMachines/corretto-1.8.0_282/Contents/Home/jre/lib/libjawt.dylib
0x00007fff6cc09000 	/System/Library/Frameworks/OpenGL.framework/Versions/A/Resources/GLEngine.bundle/GLEngine
0x00007fff6ca69000 	/System/Library/Frameworks/OpenGL.framework/Versions/A/Libraries/libGLProgrammability.dylib
0x00000001395f0000 	/System/Library/Extensions/AMDRadeonX4000GLDriver.bundle/Contents/MacOS/AMDRadeonX4000GLDriver
0x00007fff46d8b000 	/System/Library/PrivateFrameworks/GPUSupport.framework/Versions/A/Libraries/libGPUSupportMercury.dylib
0x00007fff6ef1a000 	/System/Library/Extensions/AMDRadeonX4000GLDriver.bundle/Contents/MacOS/ATIRadeonX4000SCLib.dylib
0x00007fff5f03d000 	/System/Library/Extensions/AMDShared.bundle/Contents/PlugIns/libSC.dylib
0x00007fff6cd85000 	/System/Library/Frameworks/OpenGL.framework/Versions/A/Resources/GLRendererFloat.bundle/GLRendererFloat

VM Arguments:
jvm_args: -Dfml.coreMods.load=com.bawnorton.vrt.core.VoidRisingTweaksLoadingPlugin -javaagent:/Applications/IntelliJ IDEA.app/Contents/lib/idea_rt.jar=61442:/Applications/IntelliJ IDEA.app/Contents/bin -Dfile.encoding=UTF-8 
java_command: GradleStart
java_class_path (initial): /Users/benjamin/Documents/Developer/Minecraft/Modding/VoidRisingTweaks/build/classes/java/main:/Users/benjamin/Documents/Developer/Minecraft/Modding/VoidRisingTweaks/build/resources/main:/Users/benjamin/Library/Java/JavaVirtualMachines/corretto-1.8.0_282/Contents/Home/jre/lib/charsets.jar:/Users/benjamin/Library/Java/JavaVirtualMachines/corretto-1.8.0_282/Contents/Home/jre/lib/ext/cldrdata.jar:/Users/benjamin/Library/Java/JavaVirtualMachines/corretto-1.8.0_282/Contents/Home/jre/lib/ext/dnsns.jar:/Users/benjamin/Library/Java/JavaVirtualMachines/corretto-1.8.0_282/Contents/Home/jre/lib/ext/jaccess.jar:/Users/benjamin/Library/Java/JavaVirtualMachines/corretto-1.8.0_282/Contents/Home/jre/lib/ext/jfxrt.jar:/Users/benjamin/Library/Java/JavaVirtualMachines/corretto-1.8.0_282/Contents/Home/jre/lib/ext/localedata.jar:/Users/benjamin/Library/Java/JavaVirtualMachines/corretto-1.8.0_282/Contents/Home/jre/lib/ext/nashorn.jar:/Users/benjamin/Library/Java/JavaVirtualMachines/corretto-1.8.0_282/Contents/Home/jre/lib/ext/sunec.jar:/Users/benjamin/Library/Java/JavaVirtualMachines/corretto-1.8.0_282/Contents/Home/jre/lib/ext/sunjce_provider.jar:/Users/benjamin/Library/Java/JavaVirtualMachines/corretto-1.8.0_282/Contents/Home/jre/lib/ext/sunpkcs11.jar:/Users/benjamin/Library/Java/JavaVirtualMachines/corretto-1.8.0_282/Contents/Home/jre/lib/ext/zipfs.jar:/Users/benjamin/Library/Java/JavaVirtualMachines/corretto-1.8.0_282/Contents/Home/jre/lib/jce.jar:/Users/benjamin/Library/Java/JavaVirtualMachines/corretto-1.8.0_282/Contents/Home/jre/lib/jfr.jar:/Users/benjamin/Library/Java/JavaVirtualMachines/corretto-1.8.0_282/Contents/Home/jre/lib/jfxswt.jar:/Users/benjamin/Library/Java/JavaVirtualMachines/corretto-1.8.0_282/Contents/Home/jre/lib/jsse.jar:/Users/benjamin/Library/Java/JavaVirtualMachines/corretto-1.8.0_282/Contents/Home/jre/lib/management-agent.jar:/Users/benjamin/Library/Java/JavaVirtualMachines/corretto-1.8.0_282/Contents/Home/jre/lib/resources.jar:/Use
Launcher Type: SUN_STANDARD

Environment Variables:
JAVA_HOME=/Users/benjamin/Library/Java/JavaVirtualMachines/corretto-1.8.0_282/Contents/Home
PATH=/Users/benjamin/.pyenv/versions/3.9.0/bin:/usr/local/Cellar/pyenv/1.2.21/libexec:/usr/local/Cellar/pyenv/1.2.21/plugins/python-build/bin:/usr/local/opt/icu4c/sbin:/usr/local/opt/icu4c/bin:/usr/local/opt/openjdk/bin:/Users/benjamin/.pyenv/shims:/usr/local/bin:/usr/bin:/bin:/usr/sbin:/sbin:/Applications/VMware Fusion.app/Contents/Public:/usr/local/go/bin:/Library/Apple/usr/bin
SHELL=/bin/zsh

Signal Handlers:
SIGSEGV: [libjvm.dylib+0x5c14ab], sa_mask[0]=11111111011111110111111111111111, sa_flags=SA_ONSTACK|SA_RESTART|SA_SIGINFO
SIGBUS: [libjvm.dylib+0x5c14ab], sa_mask[0]=11111111011111110111111111111111, sa_flags=SA_RESTART|SA_SIGINFO
SIGFPE: [libjvm.dylib+0x4a37e9], sa_mask[0]=11111111011111110111111111111111, sa_flags=SA_RESTART|SA_SIGINFO
SIGPIPE: [libjvm.dylib+0x4a37e9], sa_mask[0]=11111111011111110111111111111111, sa_flags=SA_RESTART|SA_SIGINFO
SIGXFSZ: [libjvm.dylib+0x4a37e9], sa_mask[0]=11111111011111110111111111111111, sa_flags=SA_RESTART|SA_SIGINFO
SIGILL: [libjvm.dylib+0x4a37e9], sa_mask[0]=11111111011111110111111111111111, sa_flags=SA_RESTART|SA_SIGINFO
SIGUSR1: SIG_DFL, sa_mask[0]=00000000000000000000000000000000, sa_flags=none
SIGUSR2: [libjvm.dylib+0x4a40f1], sa_mask[0]=00100000000000000000000000000000, sa_flags=SA_RESTART|SA_SIGINFO
SIGHUP: [libjvm.dylib+0x4a22f9], sa_mask[0]=11111111011111110111111111111111, sa_flags=SA_RESTART|SA_SIGINFO
SIGINT: [libjvm.dylib+0x4a22f9], sa_mask[0]=11111111011111110111111111111111, sa_flags=SA_RESTART|SA_SIGINFO
SIGTERM: [libjvm.dylib+0x4a22f9], sa_mask[0]=11111111011111110111111111111111, sa_flags=SA_RESTART|SA_SIGINFO
SIGQUIT: [libjvm.dylib+0x4a22f9], sa_mask[0]=11111111011111110111111111111111, sa_flags=SA_RESTART|SA_SIGINFO


---------------  S Y S T E M  ---------------

OS:Bsduname:Darwin 20.3.0 Darwin Kernel Version 20.3.0: Thu Jan 21 00:07:06 PST 2021; root:xnu-7195.81.3~1/RELEASE_X86_64 x86_64
rlimit: STACK 8192k, CORE 0k, NPROC 5568, NOFILE 10240, AS infinity
load average:5.23 4.05 3.79

CPU:total 12 (initial active 12) (6 cores per cpu, 2 threads per core) family 6 model 158 stepping 10, cmov, cx8, fxsr, mmx, sse, sse2, sse3, ssse3, sse4.1, sse4.2, popcnt, avx, avx2, aes, clmul, erms, rtm, 3dnowpref, lzcnt, ht, tsc, tscinvbit, bmi1, bmi2, adx

Memory: 4k page, physical 33554432k(401188k free)

/proc/meminfo:


vm_info: OpenJDK 64-Bit Server VM (25.282-b08) for bsd-amd64 JRE (1.8.0_282-b08), built on Jan 11 2021 15:54:46 by "corretto" with gcc 4.2.1 Compatible Apple LLVM 6.1.0 (clang-602.0.53)

time: Tue Apr  6 19:55:22 2021
timezone: EDT
elapsed time: 8.618031 seconds (0d 0h 0m 8s)

